[2018-03-23 11:25:51,177] INFO [controller-event-thread]: Starting (kafka.controller.ControllerEventManager$ControllerEventThread)
[2018-03-23 11:25:51,253] INFO [Controller 0]: 0 successfully elected as the controller (kafka.controller.KafkaController)
[2018-03-23 11:25:51,254] INFO [Controller 0]: Broker 0 starting become controller state transition (kafka.controller.KafkaController)
[2018-03-23 11:25:51,300] INFO [Controller 0]: Controller 0 incremented epoch to 1 (kafka.controller.KafkaController)
[2018-03-23 11:25:51,302] DEBUG [Controller 0]: Registering IsrChangeNotificationListener (kafka.controller.KafkaController)
[2018-03-23 11:25:51,366] INFO [Controller 0]: Partitions being reassigned: Map() (kafka.controller.KafkaController)
[2018-03-23 11:25:51,367] INFO [Controller 0]: Partitions already reassigned: Set() (kafka.controller.KafkaController)
[2018-03-23 11:25:51,370] INFO [Controller 0]: Resuming reassignment of partitions: Map() (kafka.controller.KafkaController)
[2018-03-23 11:25:51,390] INFO [Controller 0]: Currently active brokers in the cluster: Set() (kafka.controller.KafkaController)
[2018-03-23 11:25:51,391] INFO [Controller 0]: Currently shutting brokers in the cluster: Set() (kafka.controller.KafkaController)
[2018-03-23 11:25:51,392] INFO [Controller 0]: Current list of topics in the cluster: Set() (kafka.controller.KafkaController)
[2018-03-23 11:25:51,397] INFO [Controller 0]: List of topics to be deleted:  (kafka.controller.KafkaController)
[2018-03-23 11:25:51,406] INFO [Controller 0]: List of topics ineligible for deletion:  (kafka.controller.KafkaController)
[2018-03-23 11:25:51,445] INFO [Replica state machine on controller 0]: Started replica state machine with initial state -> Map() (kafka.controller.ReplicaStateMachine)
[2018-03-23 11:25:51,449] INFO [Partition state machine on Controller 0]: Started partition state machine with initial state -> Map() (kafka.controller.PartitionStateMachine)
[2018-03-23 11:25:51,450] INFO [Controller 0]: Broker 0 is ready to serve as the new controller with epoch 1 (kafka.controller.KafkaController)
[2018-03-23 11:25:51,454] INFO [Controller 0]: Partitions undergoing preferred replica election:  (kafka.controller.KafkaController)
[2018-03-23 11:25:51,454] INFO [Controller 0]: Partitions that completed preferred replica election:  (kafka.controller.KafkaController)
[2018-03-23 11:25:51,455] INFO [Controller 0]: Skipping preferred replica election for partitions due to topic deletion:  (kafka.controller.KafkaController)
[2018-03-23 11:25:51,456] INFO [Controller 0]: Resuming preferred replica election for partitions:  (kafka.controller.KafkaController)
[2018-03-23 11:25:51,456] INFO [Controller 0]: Starting preferred replica leader election for partitions  (kafka.controller.KafkaController)
[2018-03-23 11:25:51,459] INFO [Partition state machine on Controller 0]: Invoking state change to OnlinePartition for partitions  (kafka.controller.PartitionStateMachine)
[2018-03-23 11:25:51,467] INFO [Controller 0]: starting the controller scheduler (kafka.controller.KafkaController)
[2018-03-23 11:25:51,565] INFO [Controller 0]: Newly added brokers: 0, deleted brokers: , all live brokers: 0 (kafka.controller.KafkaController)
[2018-03-23 11:25:51,566] DEBUG [Channel manager on controller 0]: Controller 0 trying to connect to broker 0 (kafka.controller.ControllerChannelManager)
[2018-03-23 11:25:51,583] INFO [Controller-0-to-broker-0-send-thread]: Starting (kafka.controller.RequestSendThread)
[2018-03-23 11:25:51,589] INFO [Controller 0]: New broker startup callback for 0 (kafka.controller.KafkaController)
[2018-03-23 11:25:51,616] INFO [Controller-0-to-broker-0-send-thread]: Controller 0 connected to knoldus-Inspiron-5558:9092 (id: 0 rack: null) for sending state change requests (kafka.controller.RequestSendThread)
[2018-03-23 11:25:56,470] TRACE [Controller 0]: Checking need to trigger auto leader balancing (kafka.controller.KafkaController)
[2018-03-23 11:25:56,477] DEBUG [Controller 0]: Preferred replicas by broker Map() (kafka.controller.KafkaController)
[2018-03-23 11:27:28,498] INFO [Controller 0]: Shutting down broker 0 (kafka.controller.KafkaController)
[2018-03-23 11:27:28,499] DEBUG [Controller 0]: All shutting down brokers: 0 (kafka.controller.KafkaController)
[2018-03-23 11:27:28,499] DEBUG [Controller 0]: Live brokers:  (kafka.controller.KafkaController)
[2018-03-23 11:27:28,503] TRACE [Controller 0]: All leaders =  (kafka.controller.KafkaController)
[2018-03-23 11:27:29,138] INFO [controller-event-thread]: Shutting down (kafka.controller.ControllerEventManager$ControllerEventThread)
[2018-03-23 11:27:29,139] INFO [controller-event-thread]: Shutdown completed (kafka.controller.ControllerEventManager$ControllerEventThread)
[2018-03-23 11:27:29,139] INFO [controller-event-thread]: Stopped (kafka.controller.ControllerEventManager$ControllerEventThread)
[2018-03-23 11:27:29,139] DEBUG [Controller 0]: Controller resigning, broker id 0 (kafka.controller.KafkaController)
[2018-03-23 11:27:29,139] DEBUG [Controller 0]: De-registering IsrChangeNotificationListener (kafka.controller.KafkaController)
[2018-03-23 11:27:29,141] INFO [Partition state machine on Controller 0]: Stopped partition state machine (kafka.controller.PartitionStateMachine)
[2018-03-23 11:27:29,142] INFO [Replica state machine on controller 0]: Stopped replica state machine (kafka.controller.ReplicaStateMachine)
[2018-03-23 11:27:29,142] INFO [Controller-0-to-broker-0-send-thread]: Shutting down (kafka.controller.RequestSendThread)
[2018-03-23 11:27:29,142] INFO [Controller-0-to-broker-0-send-thread]: Shutdown completed (kafka.controller.RequestSendThread)
[2018-03-23 11:27:29,142] INFO [Controller-0-to-broker-0-send-thread]: Stopped (kafka.controller.RequestSendThread)
[2018-03-23 11:27:29,144] INFO [Controller 0]: Broker 0 resigned as the controller (kafka.controller.KafkaController)
[2018-03-23 11:33:15,894] INFO [controller-event-thread]: Starting (kafka.controller.ControllerEventManager$ControllerEventThread)
[2018-03-23 11:33:15,946] INFO [Controller 0]: 0 successfully elected as the controller (kafka.controller.KafkaController)
[2018-03-23 11:33:15,947] INFO [Controller 0]: Broker 0 starting become controller state transition (kafka.controller.KafkaController)
[2018-03-23 11:33:15,963] INFO [Controller 0]: Initialized controller epoch to 1 and zk version 0 (kafka.controller.KafkaController)
[2018-03-23 11:33:15,989] INFO [Controller 0]: Controller 0 incremented epoch to 2 (kafka.controller.KafkaController)
[2018-03-23 11:33:15,990] DEBUG [Controller 0]: Registering IsrChangeNotificationListener (kafka.controller.KafkaController)
[2018-03-23 11:33:16,062] INFO [Controller 0]: Partitions being reassigned: Map() (kafka.controller.KafkaController)
[2018-03-23 11:33:16,063] INFO [Controller 0]: Partitions already reassigned: Set() (kafka.controller.KafkaController)
[2018-03-23 11:33:16,065] INFO [Controller 0]: Resuming reassignment of partitions: Map() (kafka.controller.KafkaController)
[2018-03-23 11:33:16,068] INFO [Controller 0]: Currently active brokers in the cluster: Set() (kafka.controller.KafkaController)
[2018-03-23 11:33:16,069] INFO [Controller 0]: Currently shutting brokers in the cluster: Set() (kafka.controller.KafkaController)
[2018-03-23 11:33:16,070] INFO [Controller 0]: Current list of topics in the cluster: Set() (kafka.controller.KafkaController)
[2018-03-23 11:33:16,075] INFO [Controller 0]: List of topics to be deleted:  (kafka.controller.KafkaController)
[2018-03-23 11:33:16,076] INFO [Controller 0]: List of topics ineligible for deletion:  (kafka.controller.KafkaController)
[2018-03-23 11:33:16,097] INFO [Replica state machine on controller 0]: Started replica state machine with initial state -> Map() (kafka.controller.ReplicaStateMachine)
[2018-03-23 11:33:16,104] INFO [Partition state machine on Controller 0]: Started partition state machine with initial state -> Map() (kafka.controller.PartitionStateMachine)
[2018-03-23 11:33:16,105] INFO [Controller 0]: Broker 0 is ready to serve as the new controller with epoch 2 (kafka.controller.KafkaController)
[2018-03-23 11:33:16,109] INFO [Controller 0]: Partitions undergoing preferred replica election:  (kafka.controller.KafkaController)
[2018-03-23 11:33:16,110] INFO [Controller 0]: Partitions that completed preferred replica election:  (kafka.controller.KafkaController)
[2018-03-23 11:33:16,113] INFO [Controller 0]: Skipping preferred replica election for partitions due to topic deletion:  (kafka.controller.KafkaController)
[2018-03-23 11:33:16,114] INFO [Controller 0]: Resuming preferred replica election for partitions:  (kafka.controller.KafkaController)
[2018-03-23 11:33:16,116] INFO [Controller 0]: Starting preferred replica leader election for partitions  (kafka.controller.KafkaController)
[2018-03-23 11:33:16,120] INFO [Partition state machine on Controller 0]: Invoking state change to OnlinePartition for partitions  (kafka.controller.PartitionStateMachine)
[2018-03-23 11:33:16,155] INFO [Controller 0]: starting the controller scheduler (kafka.controller.KafkaController)
[2018-03-23 11:33:16,453] INFO [Controller 0]: Newly added brokers: 0, deleted brokers: , all live brokers: 0 (kafka.controller.KafkaController)
[2018-03-23 11:33:16,456] DEBUG [Channel manager on controller 0]: Controller 0 trying to connect to broker 0 (kafka.controller.ControllerChannelManager)
[2018-03-23 11:33:16,487] INFO [Controller 0]: New broker startup callback for 0 (kafka.controller.KafkaController)
[2018-03-23 11:33:16,505] INFO [Controller-0-to-broker-0-send-thread]: Starting (kafka.controller.RequestSendThread)
[2018-03-23 11:33:16,536] INFO [Controller-0-to-broker-0-send-thread]: Controller 0 connected to knoldus-Inspiron-5558:9092 (id: 0 rack: null) for sending state change requests (kafka.controller.RequestSendThread)
[2018-03-23 11:33:21,158] TRACE [Controller 0]: Checking need to trigger auto leader balancing (kafka.controller.KafkaController)
[2018-03-23 11:33:21,163] DEBUG [Controller 0]: Preferred replicas by broker Map() (kafka.controller.KafkaController)
[2018-03-23 11:34:42,798] INFO [Controller 0]: Shutting down broker 0 (kafka.controller.KafkaController)
[2018-03-23 11:34:42,799] DEBUG [Controller 0]: All shutting down brokers: 0 (kafka.controller.KafkaController)
[2018-03-23 11:34:42,800] DEBUG [Controller 0]: Live brokers:  (kafka.controller.KafkaController)
[2018-03-23 11:34:42,802] TRACE [Controller 0]: All leaders =  (kafka.controller.KafkaController)
[2018-03-23 11:34:44,093] INFO [controller-event-thread]: Shutting down (kafka.controller.ControllerEventManager$ControllerEventThread)
[2018-03-23 11:34:44,093] INFO [controller-event-thread]: Stopped (kafka.controller.ControllerEventManager$ControllerEventThread)
[2018-03-23 11:34:44,093] INFO [controller-event-thread]: Shutdown completed (kafka.controller.ControllerEventManager$ControllerEventThread)
[2018-03-23 11:34:44,094] DEBUG [Controller 0]: Controller resigning, broker id 0 (kafka.controller.KafkaController)
[2018-03-23 11:34:44,095] DEBUG [Controller 0]: De-registering IsrChangeNotificationListener (kafka.controller.KafkaController)
[2018-03-23 11:34:44,096] INFO [Partition state machine on Controller 0]: Stopped partition state machine (kafka.controller.PartitionStateMachine)
[2018-03-23 11:34:44,097] INFO [Replica state machine on controller 0]: Stopped replica state machine (kafka.controller.ReplicaStateMachine)
[2018-03-23 11:34:44,098] INFO [Controller-0-to-broker-0-send-thread]: Shutting down (kafka.controller.RequestSendThread)
[2018-03-23 11:34:44,099] INFO [Controller-0-to-broker-0-send-thread]: Shutdown completed (kafka.controller.RequestSendThread)
[2018-03-23 11:34:44,099] INFO [Controller-0-to-broker-0-send-thread]: Stopped (kafka.controller.RequestSendThread)
[2018-03-23 11:34:44,102] INFO [Controller 0]: Broker 0 resigned as the controller (kafka.controller.KafkaController)
[2018-03-23 11:37:01,476] INFO [controller-event-thread]: Starting (kafka.controller.ControllerEventManager$ControllerEventThread)
[2018-03-23 11:37:01,547] INFO [Controller 0]: 0 successfully elected as the controller (kafka.controller.KafkaController)
[2018-03-23 11:37:01,548] INFO [Controller 0]: Broker 0 starting become controller state transition (kafka.controller.KafkaController)
[2018-03-23 11:37:01,569] INFO [Controller 0]: Initialized controller epoch to 2 and zk version 1 (kafka.controller.KafkaController)
[2018-03-23 11:37:01,588] INFO [Controller 0]: Controller 0 incremented epoch to 3 (kafka.controller.KafkaController)
[2018-03-23 11:37:01,592] DEBUG [Controller 0]: Registering IsrChangeNotificationListener (kafka.controller.KafkaController)
[2018-03-23 11:37:01,672] INFO [Controller 0]: Partitions being reassigned: Map() (kafka.controller.KafkaController)
[2018-03-23 11:37:01,673] INFO [Controller 0]: Partitions already reassigned: Set() (kafka.controller.KafkaController)
[2018-03-23 11:37:01,676] INFO [Controller 0]: Resuming reassignment of partitions: Map() (kafka.controller.KafkaController)
[2018-03-23 11:37:01,678] INFO [Controller 0]: Currently active brokers in the cluster: Set() (kafka.controller.KafkaController)
[2018-03-23 11:37:01,679] INFO [Controller 0]: Currently shutting brokers in the cluster: Set() (kafka.controller.KafkaController)
[2018-03-23 11:37:01,680] INFO [Controller 0]: Current list of topics in the cluster: Set() (kafka.controller.KafkaController)
[2018-03-23 11:37:01,709] INFO [Controller 0]: List of topics to be deleted:  (kafka.controller.KafkaController)
[2018-03-23 11:37:01,710] INFO [Controller 0]: List of topics ineligible for deletion:  (kafka.controller.KafkaController)
[2018-03-23 11:37:01,774] INFO [Replica state machine on controller 0]: Started replica state machine with initial state -> Map() (kafka.controller.ReplicaStateMachine)
[2018-03-23 11:37:01,803] INFO [Partition state machine on Controller 0]: Started partition state machine with initial state -> Map() (kafka.controller.PartitionStateMachine)
[2018-03-23 11:37:01,805] INFO [Controller 0]: Broker 0 is ready to serve as the new controller with epoch 3 (kafka.controller.KafkaController)
[2018-03-23 11:37:01,814] INFO [Controller 0]: Partitions undergoing preferred replica election:  (kafka.controller.KafkaController)
[2018-03-23 11:37:01,815] INFO [Controller 0]: Partitions that completed preferred replica election:  (kafka.controller.KafkaController)
[2018-03-23 11:37:01,816] INFO [Controller 0]: Skipping preferred replica election for partitions due to topic deletion:  (kafka.controller.KafkaController)
[2018-03-23 11:37:01,817] INFO [Controller 0]: Resuming preferred replica election for partitions:  (kafka.controller.KafkaController)
[2018-03-23 11:37:01,825] INFO [Controller 0]: Starting preferred replica leader election for partitions  (kafka.controller.KafkaController)
[2018-03-23 11:37:01,866] INFO [Partition state machine on Controller 0]: Invoking state change to OnlinePartition for partitions  (kafka.controller.PartitionStateMachine)
[2018-03-23 11:37:01,886] INFO [Controller 0]: starting the controller scheduler (kafka.controller.KafkaController)
[2018-03-23 11:37:02,115] INFO [Controller 0]: Newly added brokers: 0, deleted brokers: , all live brokers: 0 (kafka.controller.KafkaController)
[2018-03-23 11:37:02,117] DEBUG [Channel manager on controller 0]: Controller 0 trying to connect to broker 0 (kafka.controller.ControllerChannelManager)
[2018-03-23 11:37:02,140] INFO [Controller 0]: New broker startup callback for 0 (kafka.controller.KafkaController)
[2018-03-23 11:37:02,145] INFO [Controller-0-to-broker-0-send-thread]: Starting (kafka.controller.RequestSendThread)
[2018-03-23 11:37:02,158] INFO [Controller-0-to-broker-0-send-thread]: Controller 0 connected to knoldus-Inspiron-5558:9092 (id: 0 rack: null) for sending state change requests (kafka.controller.RequestSendThread)
[2018-03-23 11:37:06,890] TRACE [Controller 0]: Checking need to trigger auto leader balancing (kafka.controller.KafkaController)
[2018-03-23 11:37:06,897] DEBUG [Controller 0]: Preferred replicas by broker Map() (kafka.controller.KafkaController)
[2018-03-23 11:38:02,430] INFO [Controller 0]: Shutting down broker 0 (kafka.controller.KafkaController)
[2018-03-23 11:38:02,430] DEBUG [Controller 0]: All shutting down brokers: 0 (kafka.controller.KafkaController)
[2018-03-23 11:38:02,431] DEBUG [Controller 0]: Live brokers:  (kafka.controller.KafkaController)
[2018-03-23 11:38:02,432] TRACE [Controller 0]: All leaders =  (kafka.controller.KafkaController)
[2018-03-23 11:38:04,655] INFO [controller-event-thread]: Shutting down (kafka.controller.ControllerEventManager$ControllerEventThread)
[2018-03-23 11:38:04,655] INFO [controller-event-thread]: Stopped (kafka.controller.ControllerEventManager$ControllerEventThread)
[2018-03-23 11:38:04,655] INFO [controller-event-thread]: Shutdown completed (kafka.controller.ControllerEventManager$ControllerEventThread)
[2018-03-23 11:38:04,656] DEBUG [Controller 0]: Controller resigning, broker id 0 (kafka.controller.KafkaController)
[2018-03-23 11:38:04,657] DEBUG [Controller 0]: De-registering IsrChangeNotificationListener (kafka.controller.KafkaController)
[2018-03-23 11:38:04,658] INFO [Partition state machine on Controller 0]: Stopped partition state machine (kafka.controller.PartitionStateMachine)
[2018-03-23 11:38:04,659] INFO [Replica state machine on controller 0]: Stopped replica state machine (kafka.controller.ReplicaStateMachine)
[2018-03-23 11:38:04,660] INFO [Controller-0-to-broker-0-send-thread]: Shutting down (kafka.controller.RequestSendThread)
[2018-03-23 11:38:04,660] INFO [Controller-0-to-broker-0-send-thread]: Shutdown completed (kafka.controller.RequestSendThread)
[2018-03-23 11:38:04,660] INFO [Controller-0-to-broker-0-send-thread]: Stopped (kafka.controller.RequestSendThread)
[2018-03-23 11:38:04,662] INFO [Controller 0]: Broker 0 resigned as the controller (kafka.controller.KafkaController)
