[2018-03-23 11:25:47,836] INFO Kafka data directory is /home/knoldus/IdeaProjects/lagom/lagom-externalService/target/lagom-dynamic-projects/lagom-internal-meta-project-kafka/target/kafka_data. (com.lightbend.lagom.internal.kafka.KafkaLocalServer)
[2018-03-23 11:25:48,501] INFO KafkaConfig values: 
	advertised.host.name = null
	advertised.listeners = null
	advertised.port = null
	alter.config.policy.class.name = null
	authorizer.class.name = 
	auto.create.topics.enable = true
	auto.leader.rebalance.enable = true
	background.threads = 10
	broker.id = 0
	broker.id.generation.enable = true
	broker.rack = null
	compression.type = producer
	connections.max.idle.ms = 600000
	controlled.shutdown.enable = true
	controlled.shutdown.max.retries = 3
	controlled.shutdown.retry.backoff.ms = 5000
	controller.socket.timeout.ms = 30000
	create.topic.policy.class.name = null
	default.replication.factor = 1
	delete.records.purgatory.purge.interval.requests = 1
	delete.topic.enable = false
	fetch.purgatory.purge.interval.requests = 1000
	group.initial.rebalance.delay.ms = 3000
	group.max.session.timeout.ms = 300000
	group.min.session.timeout.ms = 6000
	host.name = 
	inter.broker.listener.name = null
	inter.broker.protocol.version = 0.11.0-IV2
	leader.imbalance.check.interval.seconds = 300
	leader.imbalance.per.broker.percentage = 10
	listener.security.protocol.map = SSL:SSL,SASL_PLAINTEXT:SASL_PLAINTEXT,TRACE:TRACE,SASL_SSL:SASL_SSL,PLAINTEXT:PLAINTEXT
	listeners = PLAINTEXT://:9092
	log.cleaner.backoff.ms = 15000
	log.cleaner.dedupe.buffer.size = 134217728
	log.cleaner.delete.retention.ms = 86400000
	log.cleaner.enable = true
	log.cleaner.io.buffer.load.factor = 0.9
	log.cleaner.io.buffer.size = 524288
	log.cleaner.io.max.bytes.per.second = 1.7976931348623157E308
	log.cleaner.min.cleanable.ratio = 0.5
	log.cleaner.min.compaction.lag.ms = 0
	log.cleaner.threads = 1
	log.cleanup.policy = [delete]
	log.dir = /tmp/kafka-logs
	log.dirs = /home/knoldus/IdeaProjects/lagom/lagom-externalService/target/lagom-dynamic-projects/lagom-internal-meta-project-kafka/target/kafka_data
	log.flush.interval.messages = 9223372036854775807
	log.flush.interval.ms = null
	log.flush.offset.checkpoint.interval.ms = 60000
	log.flush.scheduler.interval.ms = 9223372036854775807
	log.flush.start.offset.checkpoint.interval.ms = 60000
	log.index.interval.bytes = 4096
	log.index.size.max.bytes = 10485760
	log.message.format.version = 0.11.0-IV2
	log.message.timestamp.difference.max.ms = 9223372036854775807
	log.message.timestamp.type = CreateTime
	log.preallocate = false
	log.retention.bytes = -1
	log.retention.check.interval.ms = 300000
	log.retention.hours = 168
	log.retention.minutes = null
	log.retention.ms = null
	log.roll.hours = 168
	log.roll.jitter.hours = 0
	log.roll.jitter.ms = null
	log.roll.ms = null
	log.segment.bytes = 1073741824
	log.segment.delete.delay.ms = 60000
	max.connections.per.ip = 2147483647
	max.connections.per.ip.overrides = 
	message.max.bytes = 1000012
	metric.reporters = []
	metrics.num.samples = 2
	metrics.recording.level = INFO
	metrics.sample.window.ms = 30000
	min.insync.replicas = 1
	num.io.threads = 8
	num.network.threads = 3
	num.partitions = 1
	num.recovery.threads.per.data.dir = 1
	num.replica.fetchers = 1
	offset.metadata.max.bytes = 4096
	offsets.commit.required.acks = -1
	offsets.commit.timeout.ms = 5000
	offsets.load.buffer.size = 5242880
	offsets.retention.check.interval.ms = 600000
	offsets.retention.minutes = 1440
	offsets.topic.compression.codec = 0
	offsets.topic.num.partitions = 1
	offsets.topic.replication.factor = 1
	offsets.topic.segment.bytes = 104857600
	port = 9092
	principal.builder.class = class org.apache.kafka.common.security.auth.DefaultPrincipalBuilder
	producer.purgatory.purge.interval.requests = 1000
	queued.max.requests = 500
	quota.consumer.default = 9223372036854775807
	quota.producer.default = 9223372036854775807
	quota.window.num = 11
	quota.window.size.seconds = 1
	replica.fetch.backoff.ms = 1000
	replica.fetch.max.bytes = 1048576
	replica.fetch.min.bytes = 1
	replica.fetch.response.max.bytes = 10485760
	replica.fetch.wait.max.ms = 500
	replica.high.watermark.checkpoint.interval.ms = 5000
	replica.lag.time.max.ms = 10000
	replica.socket.receive.buffer.bytes = 65536
	replica.socket.timeout.ms = 30000
	replication.quota.window.num = 11
	replication.quota.window.size.seconds = 1
	request.timeout.ms = 30000
	reserved.broker.max.id = 1000
	sasl.enabled.mechanisms = [GSSAPI]
	sasl.kerberos.kinit.cmd = /usr/bin/kinit
	sasl.kerberos.min.time.before.relogin = 60000
	sasl.kerberos.principal.to.local.rules = [DEFAULT]
	sasl.kerberos.service.name = null
	sasl.kerberos.ticket.renew.jitter = 0.05
	sasl.kerberos.ticket.renew.window.factor = 0.8
	sasl.mechanism.inter.broker.protocol = GSSAPI
	security.inter.broker.protocol = PLAINTEXT
	socket.receive.buffer.bytes = 102400
	socket.request.max.bytes = 104857600
	socket.send.buffer.bytes = 102400
	ssl.cipher.suites = null
	ssl.client.auth = none
	ssl.enabled.protocols = [TLSv1.2, TLSv1.1, TLSv1]
	ssl.endpoint.identification.algorithm = null
	ssl.key.password = null
	ssl.keymanager.algorithm = SunX509
	ssl.keystore.location = null
	ssl.keystore.password = null
	ssl.keystore.type = JKS
	ssl.protocol = TLS
	ssl.provider = null
	ssl.secure.random.implementation = null
	ssl.trustmanager.algorithm = PKIX
	ssl.truststore.location = null
	ssl.truststore.password = null
	ssl.truststore.type = JKS
	transaction.abort.timed.out.transaction.cleanup.interval.ms = 60000
	transaction.max.timeout.ms = 900000
	transaction.remove.expired.transaction.cleanup.interval.ms = 3600000
	transaction.state.log.load.buffer.size = 5242880
	transaction.state.log.min.isr = 2
	transaction.state.log.num.partitions = 50
	transaction.state.log.replication.factor = 3
	transaction.state.log.segment.bytes = 104857600
	transactional.id.expiration.ms = 604800000
	unclean.leader.election.enable = false
	zookeeper.connect = localhost:2181
	zookeeper.connection.timeout.ms = 6000
	zookeeper.session.timeout.ms = 6000
	zookeeper.set.acl = false
	zookeeper.sync.time.ms = 2000
 (kafka.server.KafkaConfig)
[2018-03-23 11:25:48,814] INFO Zookeeper data directory is /home/knoldus/IdeaProjects/lagom/lagom-externalService/target/lagom-dynamic-projects/lagom-internal-meta-project-kafka/target/zookeeper_data. (com.lightbend.lagom.internal.kafka.KafkaLocalServer)
[2018-03-23 11:25:48,818] INFO Starting server (org.apache.zookeeper.server.ZooKeeperServerMain)
[2018-03-23 11:25:48,824] INFO Server environment:zookeeper.version=3.4.10-39d3a4f269333c922ed3db283be479f9deacaa0f, built on 03/23/2017 10:13 GMT (org.apache.zookeeper.server.ZooKeeperServer)
[2018-03-23 11:25:48,824] INFO Server environment:host.name=knoldus-Inspiron-5558 (org.apache.zookeeper.server.ZooKeeperServer)
[2018-03-23 11:25:48,824] INFO Server environment:java.version=1.8.0_151 (org.apache.zookeeper.server.ZooKeeperServer)
[2018-03-23 11:25:48,825] INFO Server environment:java.vendor=Oracle Corporation (org.apache.zookeeper.server.ZooKeeperServer)
[2018-03-23 11:25:48,825] INFO Server environment:java.home=/usr/lib/jvm/java-8-openjdk-amd64/jre (org.apache.zookeeper.server.ZooKeeperServer)
[2018-03-23 11:25:48,825] INFO Server environment:java.class.path=/home/knoldus/.sbt/boot/scala-2.12.4/lib/scala-library.jar:/home/knoldus/.ivy2/cache/com.lightbend.lagom/lagom-kafka-server_2.12/jars/lagom-kafka-server_2.12-1.4.1.jar:/home/knoldus/.ivy2/cache/org.apache.kafka/kafka_2.12/jars/kafka_2.12-0.11.0.1.jar:/home/knoldus/.ivy2/cache/org.apache.kafka/kafka-clients/jars/kafka-clients-0.11.0.1.jar:/home/knoldus/.ivy2/cache/net.jpountz.lz4/lz4/jars/lz4-1.3.0.jar:/home/knoldus/.ivy2/cache/org.xerial.snappy/snappy-java/bundles/snappy-java-1.1.2.6.jar:/home/knoldus/.ivy2/cache/org.slf4j/slf4j-api/jars/slf4j-api-1.7.25.jar:/home/knoldus/.ivy2/cache/net.sf.jopt-simple/jopt-simple/jars/jopt-simple-5.0.3.jar:/home/knoldus/.ivy2/cache/com.yammer.metrics/metrics-core/jars/metrics-core-2.2.0.jar:/home/knoldus/.ivy2/cache/org.slf4j/slf4j-log4j12/jars/slf4j-log4j12-1.7.25.jar:/home/knoldus/.ivy2/cache/log4j/log4j/bundles/log4j-1.2.17.jar:/home/knoldus/.ivy2/cache/com.101tec/zkclient/jars/zkclient-0.10.jar:/home/knoldus/.ivy2/cache/org.apache.zookeeper/zookeeper/jars/zookeeper-3.4.10.jar:/home/knoldus/.ivy2/cache/org.scala-lang.modules/scala-parser-combinators_2.12/bundles/scala-parser-combinators_2.12-1.0.4.jar:/home/knoldus/.ivy2/cache/org.apache.curator/curator-framework/bundles/curator-framework-2.10.0.jar:/home/knoldus/.ivy2/cache/org.apache.curator/curator-client/bundles/curator-client-2.10.0.jar:/home/knoldus/.ivy2/cache/com.google.guava/guava/bundles/guava-16.0.1.jar:/home/knoldus/.ivy2/cache/org.apache.curator/curator-test/jars/curator-test-2.10.0.jar:/home/knoldus/.ivy2/cache/org.javassist/javassist/bundles/javassist-3.21.0-GA.jar:/home/knoldus/.ivy2/cache/org.apache.commons/commons-math/jars/commons-math-2.2.jar:/home/knoldus/.ivy2/cache/org.scala-lang.modules/scala-java8-compat_2.12/bundles/scala-java8-compat_2.12-0.8.0.jar (org.apache.zookeeper.server.ZooKeeperServer)
[2018-03-23 11:25:48,825] INFO Server environment:java.library.path=/usr/java/packages/lib/amd64:/usr/lib/x86_64-linux-gnu/jni:/lib/x86_64-linux-gnu:/usr/lib/x86_64-linux-gnu:/usr/lib/jni:/lib:/usr/lib (org.apache.zookeeper.server.ZooKeeperServer)
[2018-03-23 11:25:48,825] INFO Server environment:java.io.tmpdir=/tmp (org.apache.zookeeper.server.ZooKeeperServer)
[2018-03-23 11:25:48,825] INFO Server environment:java.compiler=<NA> (org.apache.zookeeper.server.ZooKeeperServer)
[2018-03-23 11:25:48,825] INFO Server environment:os.name=Linux (org.apache.zookeeper.server.ZooKeeperServer)
[2018-03-23 11:25:48,825] INFO Server environment:os.arch=amd64 (org.apache.zookeeper.server.ZooKeeperServer)
[2018-03-23 11:25:48,825] INFO Server environment:os.version=4.13.0-36-generic (org.apache.zookeeper.server.ZooKeeperServer)
[2018-03-23 11:25:48,825] INFO Server environment:user.name=knoldus (org.apache.zookeeper.server.ZooKeeperServer)
[2018-03-23 11:25:48,825] INFO Server environment:user.home=/home/knoldus (org.apache.zookeeper.server.ZooKeeperServer)
[2018-03-23 11:25:48,825] INFO Server environment:user.dir=/home/knoldus/IdeaProjects/lagom/lagom-externalService (org.apache.zookeeper.server.ZooKeeperServer)
[2018-03-23 11:25:48,835] INFO tickTime set to 3000 (org.apache.zookeeper.server.ZooKeeperServer)
[2018-03-23 11:25:48,835] INFO minSessionTimeout set to -1 (org.apache.zookeeper.server.ZooKeeperServer)
[2018-03-23 11:25:48,835] INFO maxSessionTimeout set to -1 (org.apache.zookeeper.server.ZooKeeperServer)
[2018-03-23 11:25:48,850] INFO binding to port 0.0.0.0/0.0.0.0:2181 (org.apache.zookeeper.server.NIOServerCnxnFactory)
[2018-03-23 11:25:49,884] INFO starting (kafka.server.KafkaServer)
[2018-03-23 11:25:49,894] INFO Connecting to zookeeper on localhost:2181 (kafka.server.KafkaServer)
[2018-03-23 11:25:49,947] INFO Client environment:zookeeper.version=3.4.10-39d3a4f269333c922ed3db283be479f9deacaa0f, built on 03/23/2017 10:13 GMT (org.apache.zookeeper.ZooKeeper)
[2018-03-23 11:25:49,947] INFO Client environment:host.name=knoldus-Inspiron-5558 (org.apache.zookeeper.ZooKeeper)
[2018-03-23 11:25:49,947] INFO Client environment:java.version=1.8.0_151 (org.apache.zookeeper.ZooKeeper)
[2018-03-23 11:25:49,949] INFO Client environment:java.vendor=Oracle Corporation (org.apache.zookeeper.ZooKeeper)
[2018-03-23 11:25:49,949] INFO Client environment:java.home=/usr/lib/jvm/java-8-openjdk-amd64/jre (org.apache.zookeeper.ZooKeeper)
[2018-03-23 11:25:49,949] INFO Client environment:java.class.path=/home/knoldus/.sbt/boot/scala-2.12.4/lib/scala-library.jar:/home/knoldus/.ivy2/cache/com.lightbend.lagom/lagom-kafka-server_2.12/jars/lagom-kafka-server_2.12-1.4.1.jar:/home/knoldus/.ivy2/cache/org.apache.kafka/kafka_2.12/jars/kafka_2.12-0.11.0.1.jar:/home/knoldus/.ivy2/cache/org.apache.kafka/kafka-clients/jars/kafka-clients-0.11.0.1.jar:/home/knoldus/.ivy2/cache/net.jpountz.lz4/lz4/jars/lz4-1.3.0.jar:/home/knoldus/.ivy2/cache/org.xerial.snappy/snappy-java/bundles/snappy-java-1.1.2.6.jar:/home/knoldus/.ivy2/cache/org.slf4j/slf4j-api/jars/slf4j-api-1.7.25.jar:/home/knoldus/.ivy2/cache/net.sf.jopt-simple/jopt-simple/jars/jopt-simple-5.0.3.jar:/home/knoldus/.ivy2/cache/com.yammer.metrics/metrics-core/jars/metrics-core-2.2.0.jar:/home/knoldus/.ivy2/cache/org.slf4j/slf4j-log4j12/jars/slf4j-log4j12-1.7.25.jar:/home/knoldus/.ivy2/cache/log4j/log4j/bundles/log4j-1.2.17.jar:/home/knoldus/.ivy2/cache/com.101tec/zkclient/jars/zkclient-0.10.jar:/home/knoldus/.ivy2/cache/org.apache.zookeeper/zookeeper/jars/zookeeper-3.4.10.jar:/home/knoldus/.ivy2/cache/org.scala-lang.modules/scala-parser-combinators_2.12/bundles/scala-parser-combinators_2.12-1.0.4.jar:/home/knoldus/.ivy2/cache/org.apache.curator/curator-framework/bundles/curator-framework-2.10.0.jar:/home/knoldus/.ivy2/cache/org.apache.curator/curator-client/bundles/curator-client-2.10.0.jar:/home/knoldus/.ivy2/cache/com.google.guava/guava/bundles/guava-16.0.1.jar:/home/knoldus/.ivy2/cache/org.apache.curator/curator-test/jars/curator-test-2.10.0.jar:/home/knoldus/.ivy2/cache/org.javassist/javassist/bundles/javassist-3.21.0-GA.jar:/home/knoldus/.ivy2/cache/org.apache.commons/commons-math/jars/commons-math-2.2.jar:/home/knoldus/.ivy2/cache/org.scala-lang.modules/scala-java8-compat_2.12/bundles/scala-java8-compat_2.12-0.8.0.jar (org.apache.zookeeper.ZooKeeper)
[2018-03-23 11:25:49,949] INFO Client environment:java.library.path=/usr/java/packages/lib/amd64:/usr/lib/x86_64-linux-gnu/jni:/lib/x86_64-linux-gnu:/usr/lib/x86_64-linux-gnu:/usr/lib/jni:/lib:/usr/lib (org.apache.zookeeper.ZooKeeper)
[2018-03-23 11:25:49,949] INFO Client environment:java.io.tmpdir=/tmp (org.apache.zookeeper.ZooKeeper)
[2018-03-23 11:25:49,949] INFO Client environment:java.compiler=<NA> (org.apache.zookeeper.ZooKeeper)
[2018-03-23 11:25:49,949] INFO Client environment:os.name=Linux (org.apache.zookeeper.ZooKeeper)
[2018-03-23 11:25:49,950] INFO Client environment:os.arch=amd64 (org.apache.zookeeper.ZooKeeper)
[2018-03-23 11:25:49,950] INFO Client environment:os.version=4.13.0-36-generic (org.apache.zookeeper.ZooKeeper)
[2018-03-23 11:25:49,950] INFO Client environment:user.name=knoldus (org.apache.zookeeper.ZooKeeper)
[2018-03-23 11:25:49,950] INFO Client environment:user.home=/home/knoldus (org.apache.zookeeper.ZooKeeper)
[2018-03-23 11:25:49,950] INFO Client environment:user.dir=/home/knoldus/IdeaProjects/lagom/lagom-externalService (org.apache.zookeeper.ZooKeeper)
[2018-03-23 11:25:49,951] INFO Initiating client connection, connectString=localhost:2181 sessionTimeout=6000 watcher=org.I0Itec.zkclient.ZkClient@243c4f91 (org.apache.zookeeper.ZooKeeper)
[2018-03-23 11:25:49,948] INFO Starting ZkClient event thread. (org.I0Itec.zkclient.ZkEventThread)
[2018-03-23 11:25:49,982] INFO Opening socket connection to server localhost/127.0.0.1:2181. Will not attempt to authenticate using SASL (unknown error) (org.apache.zookeeper.ClientCnxn)
[2018-03-23 11:25:49,987] INFO Waiting for keeper state SyncConnected (org.I0Itec.zkclient.ZkClient)
[2018-03-23 11:25:49,996] INFO Accepted socket connection from /127.0.0.1:37262 (org.apache.zookeeper.server.NIOServerCnxnFactory)
[2018-03-23 11:25:50,003] INFO Socket connection established to localhost/127.0.0.1:2181, initiating session (org.apache.zookeeper.ClientCnxn)
[2018-03-23 11:25:50,009] INFO Client attempting to establish new session at /127.0.0.1:37262 (org.apache.zookeeper.server.ZooKeeperServer)
[2018-03-23 11:25:50,011] INFO Creating new log file: log.1 (org.apache.zookeeper.server.persistence.FileTxnLog)
[2018-03-23 11:25:50,087] INFO Session establishment complete on server localhost/127.0.0.1:2181, sessionid = 0x162516d6e070000, negotiated timeout = 6000 (org.apache.zookeeper.ClientCnxn)
[2018-03-23 11:25:50,089] INFO zookeeper state changed (SyncConnected) (org.I0Itec.zkclient.ZkClient)
[2018-03-23 11:25:50,095] INFO Established session 0x162516d6e070000 with negotiated timeout 6000 for client /127.0.0.1:37262 (org.apache.zookeeper.server.ZooKeeperServer)
[2018-03-23 11:25:50,160] INFO Got user-level KeeperException when processing sessionid:0x162516d6e070000 type:create cxid:0x5 zxid:0x3 txntype:-1 reqpath:n/a Error Path:/brokers Error:KeeperErrorCode = NoNode for /brokers (org.apache.zookeeper.server.PrepRequestProcessor)
[2018-03-23 11:25:50,203] INFO Got user-level KeeperException when processing sessionid:0x162516d6e070000 type:create cxid:0xb zxid:0x7 txntype:-1 reqpath:n/a Error Path:/config Error:KeeperErrorCode = NoNode for /config (org.apache.zookeeper.server.PrepRequestProcessor)
[2018-03-23 11:25:50,257] INFO Got user-level KeeperException when processing sessionid:0x162516d6e070000 type:create cxid:0x13 zxid:0xc txntype:-1 reqpath:n/a Error Path:/admin Error:KeeperErrorCode = NoNode for /admin (org.apache.zookeeper.server.PrepRequestProcessor)
[2018-03-23 11:25:50,439] INFO Got user-level KeeperException when processing sessionid:0x162516d6e070000 type:create cxid:0x1d zxid:0x12 txntype:-1 reqpath:n/a Error Path:/cluster Error:KeeperErrorCode = NoNode for /cluster (org.apache.zookeeper.server.PrepRequestProcessor)
[2018-03-23 11:25:50,468] INFO Cluster ID = F2DAU0StQ9SuxA3SImvcfg (kafka.server.KafkaServer)
[2018-03-23 11:25:50,472] WARN No meta.properties file under dir /home/knoldus/IdeaProjects/lagom/lagom-externalService/target/lagom-dynamic-projects/lagom-internal-meta-project-kafka/target/kafka_data/meta.properties (kafka.server.BrokerMetadataCheckpoint)
[2018-03-23 11:25:50,568] INFO [ThrottledRequestReaper-Fetch]: Starting (kafka.server.ClientQuotaManager$ThrottledRequestReaper)
[2018-03-23 11:25:50,595] INFO [ThrottledRequestReaper-Produce]: Starting (kafka.server.ClientQuotaManager$ThrottledRequestReaper)
[2018-03-23 11:25:50,613] INFO [ThrottledRequestReaper-Request]: Starting (kafka.server.ClientQuotaManager$ThrottledRequestReaper)
[2018-03-23 11:25:50,661] INFO Log directory '/home/knoldus/IdeaProjects/lagom/lagom-externalService/target/lagom-dynamic-projects/lagom-internal-meta-project-kafka/target/kafka_data' not found, creating it. (kafka.log.LogManager)
[2018-03-23 11:25:50,683] INFO Loading logs. (kafka.log.LogManager)
[2018-03-23 11:25:50,702] INFO Logs loading complete in 19 ms. (kafka.log.LogManager)
[2018-03-23 11:25:50,790] INFO Starting log cleanup with a period of 300000 ms. (kafka.log.LogManager)
[2018-03-23 11:25:50,798] INFO Starting log flusher with a default period of 9223372036854775807 ms. (kafka.log.LogManager)
[2018-03-23 11:25:50,886] INFO Awaiting socket connections on 0.0.0.0:9092. (kafka.network.Acceptor)
[2018-03-23 11:25:50,946] INFO [Socket Server on Broker 0], Started 1 acceptor threads (kafka.network.SocketServer)
[2018-03-23 11:25:51,007] INFO [ExpirationReaper-0-Produce]: Starting (kafka.server.DelayedOperationPurgatory$ExpiredOperationReaper)
[2018-03-23 11:25:51,022] INFO [ExpirationReaper-0-Fetch]: Starting (kafka.server.DelayedOperationPurgatory$ExpiredOperationReaper)
[2018-03-23 11:25:51,033] INFO [ExpirationReaper-0-DeleteRecords]: Starting (kafka.server.DelayedOperationPurgatory$ExpiredOperationReaper)
[2018-03-23 11:25:51,190] INFO Creating /controller (is it secure? false) (kafka.utils.ZKCheckedEphemeral)
[2018-03-23 11:25:51,193] INFO [ExpirationReaper-0-topic]: Starting (kafka.server.DelayedOperationPurgatory$ExpiredOperationReaper)
[2018-03-23 11:25:51,194] INFO [ExpirationReaper-0-Heartbeat]: Starting (kafka.server.DelayedOperationPurgatory$ExpiredOperationReaper)
[2018-03-23 11:25:51,201] INFO [ExpirationReaper-0-Rebalance]: Starting (kafka.server.DelayedOperationPurgatory$ExpiredOperationReaper)
[2018-03-23 11:25:51,248] INFO Result of znode creation is: OK (kafka.utils.ZKCheckedEphemeral)
[2018-03-23 11:25:51,257] INFO Got user-level KeeperException when processing sessionid:0x162516d6e070000 type:setData cxid:0x28 zxid:0x16 txntype:-1 reqpath:n/a Error Path:/controller_epoch Error:KeeperErrorCode = NoNode for /controller_epoch (org.apache.zookeeper.server.PrepRequestProcessor)
[2018-03-23 11:25:51,277] INFO [GroupCoordinator 0]: Starting up. (kafka.coordinator.group.GroupCoordinator)
[2018-03-23 11:25:51,280] INFO [GroupCoordinator 0]: Startup complete. (kafka.coordinator.group.GroupCoordinator)
[2018-03-23 11:25:51,310] INFO [Group Metadata Manager on Broker 0]: Removed 0 expired offsets in 27 milliseconds. (kafka.coordinator.group.GroupMetadataManager)
[2018-03-23 11:25:51,326] INFO [ProducerId Manager 0]: Acquired new producerId block (brokerId:0,blockStartProducerId:0,blockEndProducerId:999) by writing to Zk with path version 1 (kafka.coordinator.transaction.ProducerIdManager)
[2018-03-23 11:25:51,373] INFO [Transaction Coordinator 0]: Starting up. (kafka.coordinator.transaction.TransactionCoordinator)
[2018-03-23 11:25:51,375] INFO [Transaction Coordinator 0]: Startup complete. (kafka.coordinator.transaction.TransactionCoordinator)
[2018-03-23 11:25:51,376] INFO [Transaction Marker Channel Manager 0]: Starting (kafka.coordinator.transaction.TransactionMarkerChannelManager)
[2018-03-23 11:25:51,462] INFO Got user-level KeeperException when processing sessionid:0x162516d6e070000 type:delete cxid:0x3c zxid:0x19 txntype:-1 reqpath:n/a Error Path:/admin/preferred_replica_election Error:KeeperErrorCode = NoNode for /admin/preferred_replica_election (org.apache.zookeeper.server.PrepRequestProcessor)
[2018-03-23 11:25:51,485] INFO Will not load MX4J, mx4j-tools.jar is not in the classpath (kafka.utils.Mx4jLoader$)
[2018-03-23 11:25:51,518] INFO Creating /brokers/ids/0 (is it secure? false) (kafka.utils.ZKCheckedEphemeral)
[2018-03-23 11:25:51,520] INFO Got user-level KeeperException when processing sessionid:0x162516d6e070000 type:create cxid:0x46 zxid:0x1a txntype:-1 reqpath:n/a Error Path:/brokers Error:KeeperErrorCode = NodeExists for /brokers (org.apache.zookeeper.server.PrepRequestProcessor)
[2018-03-23 11:25:51,520] INFO Got user-level KeeperException when processing sessionid:0x162516d6e070000 type:create cxid:0x47 zxid:0x1b txntype:-1 reqpath:n/a Error Path:/brokers/ids Error:KeeperErrorCode = NodeExists for /brokers/ids (org.apache.zookeeper.server.PrepRequestProcessor)
[2018-03-23 11:25:51,523] INFO Result of znode creation is: OK (kafka.utils.ZKCheckedEphemeral)
[2018-03-23 11:25:51,526] INFO Registered broker 0 at path /brokers/ids/0 with addresses: EndPoint(knoldus-Inspiron-5558,9092,ListenerName(PLAINTEXT),PLAINTEXT) (kafka.utils.ZkUtils)
[2018-03-23 11:25:51,527] WARN No meta.properties file under dir /home/knoldus/IdeaProjects/lagom/lagom-externalService/target/lagom-dynamic-projects/lagom-internal-meta-project-kafka/target/kafka_data/meta.properties (kafka.server.BrokerMetadataCheckpoint)
[2018-03-23 11:25:51,581] INFO Kafka version : 0.11.0.1 (org.apache.kafka.common.utils.AppInfoParser)
[2018-03-23 11:25:51,581] INFO Kafka commitId : c2a0d5f9b1f45bf5 (org.apache.kafka.common.utils.AppInfoParser)
[2018-03-23 11:25:51,582] INFO [Kafka Server 0], started (kafka.server.KafkaServer)
[2018-03-23 11:27:28,424] INFO [Kafka Server 0], shutting down (kafka.server.KafkaServer)
[2018-03-23 11:27:28,426] INFO [Kafka Server 0], Starting controlled shutdown (kafka.server.KafkaServer)
[2018-03-23 11:27:28,519] INFO [Kafka Server 0], Controlled shutdown succeeded (kafka.server.KafkaServer)
[2018-03-23 11:27:28,533] INFO [Socket Server on Broker 0], Shutting down (kafka.network.SocketServer)
[2018-03-23 11:27:28,551] INFO [Socket Server on Broker 0], Shutdown completed (kafka.network.SocketServer)
[2018-03-23 11:27:28,552] INFO [Kafka Request Handler on Broker 0], shutting down (kafka.server.KafkaRequestHandlerPool)
[2018-03-23 11:27:28,556] INFO [Kafka Request Handler on Broker 0], shut down completely (kafka.server.KafkaRequestHandlerPool)
[2018-03-23 11:27:28,564] INFO [ThrottledRequestReaper-Fetch]: Shutting down (kafka.server.ClientQuotaManager$ThrottledRequestReaper)
[2018-03-23 11:27:28,584] INFO [ThrottledRequestReaper-Fetch]: Stopped (kafka.server.ClientQuotaManager$ThrottledRequestReaper)
[2018-03-23 11:27:28,584] INFO [ThrottledRequestReaper-Fetch]: Shutdown completed (kafka.server.ClientQuotaManager$ThrottledRequestReaper)
[2018-03-23 11:27:28,584] INFO [ThrottledRequestReaper-Produce]: Shutting down (kafka.server.ClientQuotaManager$ThrottledRequestReaper)
[2018-03-23 11:27:28,617] INFO [ThrottledRequestReaper-Produce]: Stopped (kafka.server.ClientQuotaManager$ThrottledRequestReaper)
[2018-03-23 11:27:28,617] INFO [ThrottledRequestReaper-Produce]: Shutdown completed (kafka.server.ClientQuotaManager$ThrottledRequestReaper)
[2018-03-23 11:27:28,618] INFO [ThrottledRequestReaper-Request]: Shutting down (kafka.server.ClientQuotaManager$ThrottledRequestReaper)
[2018-03-23 11:27:28,627] INFO [ThrottledRequestReaper-Request]: Shutdown completed (kafka.server.ClientQuotaManager$ThrottledRequestReaper)
[2018-03-23 11:27:28,627] INFO [ThrottledRequestReaper-Request]: Stopped (kafka.server.ClientQuotaManager$ThrottledRequestReaper)
[2018-03-23 11:27:28,628] INFO [KafkaApi-0] Shutdown complete. (kafka.server.KafkaApis)
[2018-03-23 11:27:28,629] INFO [ExpirationReaper-0-topic]: Shutting down (kafka.server.DelayedOperationPurgatory$ExpiredOperationReaper)
[2018-03-23 11:27:28,657] INFO [ExpirationReaper-0-topic]: Shutdown completed (kafka.server.DelayedOperationPurgatory$ExpiredOperationReaper)
[2018-03-23 11:27:28,657] INFO [ExpirationReaper-0-topic]: Stopped (kafka.server.DelayedOperationPurgatory$ExpiredOperationReaper)
[2018-03-23 11:27:28,659] INFO [Transaction Coordinator 0]: Shutting down. (kafka.coordinator.transaction.TransactionCoordinator)
[2018-03-23 11:27:28,660] INFO [ProducerId Manager 0]: Shutdown complete: last producerId assigned 0 (kafka.coordinator.transaction.ProducerIdManager)
[2018-03-23 11:27:28,661] INFO [Transaction State Manager 0]: Shutdown complete (kafka.coordinator.transaction.TransactionStateManager)
[2018-03-23 11:27:28,661] INFO [Transaction Marker Channel Manager 0]: Shutting down (kafka.coordinator.transaction.TransactionMarkerChannelManager)
[2018-03-23 11:27:28,661] INFO [Transaction Marker Channel Manager 0]: Stopped (kafka.coordinator.transaction.TransactionMarkerChannelManager)
[2018-03-23 11:27:28,661] INFO [Transaction Marker Channel Manager 0]: Shutdown completed (kafka.coordinator.transaction.TransactionMarkerChannelManager)
[2018-03-23 11:27:28,662] INFO [Transaction Coordinator 0]: Shutdown complete. (kafka.coordinator.transaction.TransactionCoordinator)
[2018-03-23 11:27:28,663] INFO [GroupCoordinator 0]: Shutting down. (kafka.coordinator.group.GroupCoordinator)
[2018-03-23 11:27:28,663] INFO [ExpirationReaper-0-Heartbeat]: Shutting down (kafka.server.DelayedOperationPurgatory$ExpiredOperationReaper)
[2018-03-23 11:27:28,682] INFO [ExpirationReaper-0-Heartbeat]: Stopped (kafka.server.DelayedOperationPurgatory$ExpiredOperationReaper)
[2018-03-23 11:27:28,682] INFO [ExpirationReaper-0-Heartbeat]: Shutdown completed (kafka.server.DelayedOperationPurgatory$ExpiredOperationReaper)
[2018-03-23 11:27:28,683] INFO [ExpirationReaper-0-Rebalance]: Shutting down (kafka.server.DelayedOperationPurgatory$ExpiredOperationReaper)
[2018-03-23 11:27:28,867] INFO [ExpirationReaper-0-Rebalance]: Stopped (kafka.server.DelayedOperationPurgatory$ExpiredOperationReaper)
[2018-03-23 11:27:28,867] INFO [ExpirationReaper-0-Rebalance]: Shutdown completed (kafka.server.DelayedOperationPurgatory$ExpiredOperationReaper)
[2018-03-23 11:27:28,868] INFO [GroupCoordinator 0]: Shutdown complete. (kafka.coordinator.group.GroupCoordinator)
[2018-03-23 11:27:28,869] INFO [Replica Manager on Broker 0]: Shutting down (kafka.server.ReplicaManager)
[2018-03-23 11:27:28,870] INFO [ReplicaFetcherManager on broker 0] shutting down (kafka.server.ReplicaFetcherManager)
[2018-03-23 11:27:28,871] INFO [ReplicaFetcherManager on broker 0] shutdown completed (kafka.server.ReplicaFetcherManager)
[2018-03-23 11:27:28,872] INFO [ExpirationReaper-0-Fetch]: Shutting down (kafka.server.DelayedOperationPurgatory$ExpiredOperationReaper)
[2018-03-23 11:27:28,895] INFO [ExpirationReaper-0-Fetch]: Stopped (kafka.server.DelayedOperationPurgatory$ExpiredOperationReaper)
[2018-03-23 11:27:28,895] INFO [ExpirationReaper-0-Fetch]: Shutdown completed (kafka.server.DelayedOperationPurgatory$ExpiredOperationReaper)
[2018-03-23 11:27:28,895] INFO [ExpirationReaper-0-Produce]: Shutting down (kafka.server.DelayedOperationPurgatory$ExpiredOperationReaper)
[2018-03-23 11:27:29,081] INFO [ExpirationReaper-0-Produce]: Stopped (kafka.server.DelayedOperationPurgatory$ExpiredOperationReaper)
[2018-03-23 11:27:29,081] INFO [ExpirationReaper-0-Produce]: Shutdown completed (kafka.server.DelayedOperationPurgatory$ExpiredOperationReaper)
[2018-03-23 11:27:29,082] INFO [ExpirationReaper-0-DeleteRecords]: Shutting down (kafka.server.DelayedOperationPurgatory$ExpiredOperationReaper)
[2018-03-23 11:27:29,120] INFO [ExpirationReaper-0-DeleteRecords]: Stopped (kafka.server.DelayedOperationPurgatory$ExpiredOperationReaper)
[2018-03-23 11:27:29,120] INFO [ExpirationReaper-0-DeleteRecords]: Shutdown completed (kafka.server.DelayedOperationPurgatory$ExpiredOperationReaper)
[2018-03-23 11:27:29,128] INFO [Replica Manager on Broker 0]: Shut down completely (kafka.server.ReplicaManager)
[2018-03-23 11:27:29,129] INFO Shutting down. (kafka.log.LogManager)
[2018-03-23 11:27:29,138] INFO Shutdown complete. (kafka.log.LogManager)
[2018-03-23 11:27:29,145] INFO Terminate ZkClient event thread. (org.I0Itec.zkclient.ZkEventThread)
[2018-03-23 11:27:29,146] INFO Processed session termination for sessionid: 0x162516d6e070000 (org.apache.zookeeper.server.PrepRequestProcessor)
[2018-03-23 11:27:29,169] INFO Session: 0x162516d6e070000 closed (org.apache.zookeeper.ZooKeeper)
[2018-03-23 11:27:29,169] INFO Closed socket connection for client /127.0.0.1:37262 which had sessionid 0x162516d6e070000 (org.apache.zookeeper.server.NIOServerCnxn)
[2018-03-23 11:27:29,171] INFO EventThread shut down for session: 0x162516d6e070000 (org.apache.zookeeper.ClientCnxn)
[2018-03-23 11:27:29,173] INFO [Kafka Server 0], shut down completed (kafka.server.KafkaServer)
[2018-03-23 11:27:29,173] INFO NIOServerCnxn factory exited run method (org.apache.zookeeper.server.NIOServerCnxnFactory)
[2018-03-23 11:27:29,174] INFO shutting down (org.apache.zookeeper.server.ZooKeeperServer)
[2018-03-23 11:27:29,174] INFO Shutting down (org.apache.zookeeper.server.SessionTrackerImpl)
[2018-03-23 11:27:29,174] INFO Shutting down (org.apache.zookeeper.server.PrepRequestProcessor)
[2018-03-23 11:27:29,174] INFO Shutting down (org.apache.zookeeper.server.SyncRequestProcessor)
[2018-03-23 11:27:29,174] INFO PrepRequestProcessor exited loop! (org.apache.zookeeper.server.PrepRequestProcessor)
[2018-03-23 11:27:29,174] INFO SyncRequestProcessor exited! (org.apache.zookeeper.server.SyncRequestProcessor)
[2018-03-23 11:27:29,174] INFO shutdown of request processor complete (org.apache.zookeeper.server.FinalRequestProcessor)
[2018-03-23 11:33:13,166] INFO Kafka data directory is /home/knoldus/IdeaProjects/lagom/lagom-externalService/target/lagom-dynamic-projects/lagom-internal-meta-project-kafka/target/kafka_data. (com.lightbend.lagom.internal.kafka.KafkaLocalServer)
[2018-03-23 11:33:13,642] INFO KafkaConfig values: 
	advertised.host.name = null
	advertised.listeners = null
	advertised.port = null
	alter.config.policy.class.name = null
	authorizer.class.name = 
	auto.create.topics.enable = true
	auto.leader.rebalance.enable = true
	background.threads = 10
	broker.id = 0
	broker.id.generation.enable = true
	broker.rack = null
	compression.type = producer
	connections.max.idle.ms = 600000
	controlled.shutdown.enable = true
	controlled.shutdown.max.retries = 3
	controlled.shutdown.retry.backoff.ms = 5000
	controller.socket.timeout.ms = 30000
	create.topic.policy.class.name = null
	default.replication.factor = 1
	delete.records.purgatory.purge.interval.requests = 1
	delete.topic.enable = false
	fetch.purgatory.purge.interval.requests = 1000
	group.initial.rebalance.delay.ms = 3000
	group.max.session.timeout.ms = 300000
	group.min.session.timeout.ms = 6000
	host.name = 
	inter.broker.listener.name = null
	inter.broker.protocol.version = 0.11.0-IV2
	leader.imbalance.check.interval.seconds = 300
	leader.imbalance.per.broker.percentage = 10
	listener.security.protocol.map = SSL:SSL,SASL_PLAINTEXT:SASL_PLAINTEXT,TRACE:TRACE,SASL_SSL:SASL_SSL,PLAINTEXT:PLAINTEXT
	listeners = PLAINTEXT://:9092
	log.cleaner.backoff.ms = 15000
	log.cleaner.dedupe.buffer.size = 134217728
	log.cleaner.delete.retention.ms = 86400000
	log.cleaner.enable = true
	log.cleaner.io.buffer.load.factor = 0.9
	log.cleaner.io.buffer.size = 524288
	log.cleaner.io.max.bytes.per.second = 1.7976931348623157E308
	log.cleaner.min.cleanable.ratio = 0.5
	log.cleaner.min.compaction.lag.ms = 0
	log.cleaner.threads = 1
	log.cleanup.policy = [delete]
	log.dir = /tmp/kafka-logs
	log.dirs = /home/knoldus/IdeaProjects/lagom/lagom-externalService/target/lagom-dynamic-projects/lagom-internal-meta-project-kafka/target/kafka_data
	log.flush.interval.messages = 9223372036854775807
	log.flush.interval.ms = null
	log.flush.offset.checkpoint.interval.ms = 60000
	log.flush.scheduler.interval.ms = 9223372036854775807
	log.flush.start.offset.checkpoint.interval.ms = 60000
	log.index.interval.bytes = 4096
	log.index.size.max.bytes = 10485760
	log.message.format.version = 0.11.0-IV2
	log.message.timestamp.difference.max.ms = 9223372036854775807
	log.message.timestamp.type = CreateTime
	log.preallocate = false
	log.retention.bytes = -1
	log.retention.check.interval.ms = 300000
	log.retention.hours = 168
	log.retention.minutes = null
	log.retention.ms = null
	log.roll.hours = 168
	log.roll.jitter.hours = 0
	log.roll.jitter.ms = null
	log.roll.ms = null
	log.segment.bytes = 1073741824
	log.segment.delete.delay.ms = 60000
	max.connections.per.ip = 2147483647
	max.connections.per.ip.overrides = 
	message.max.bytes = 1000012
	metric.reporters = []
	metrics.num.samples = 2
	metrics.recording.level = INFO
	metrics.sample.window.ms = 30000
	min.insync.replicas = 1
	num.io.threads = 8
	num.network.threads = 3
	num.partitions = 1
	num.recovery.threads.per.data.dir = 1
	num.replica.fetchers = 1
	offset.metadata.max.bytes = 4096
	offsets.commit.required.acks = -1
	offsets.commit.timeout.ms = 5000
	offsets.load.buffer.size = 5242880
	offsets.retention.check.interval.ms = 600000
	offsets.retention.minutes = 1440
	offsets.topic.compression.codec = 0
	offsets.topic.num.partitions = 1
	offsets.topic.replication.factor = 1
	offsets.topic.segment.bytes = 104857600
	port = 9092
	principal.builder.class = class org.apache.kafka.common.security.auth.DefaultPrincipalBuilder
	producer.purgatory.purge.interval.requests = 1000
	queued.max.requests = 500
	quota.consumer.default = 9223372036854775807
	quota.producer.default = 9223372036854775807
	quota.window.num = 11
	quota.window.size.seconds = 1
	replica.fetch.backoff.ms = 1000
	replica.fetch.max.bytes = 1048576
	replica.fetch.min.bytes = 1
	replica.fetch.response.max.bytes = 10485760
	replica.fetch.wait.max.ms = 500
	replica.high.watermark.checkpoint.interval.ms = 5000
	replica.lag.time.max.ms = 10000
	replica.socket.receive.buffer.bytes = 65536
	replica.socket.timeout.ms = 30000
	replication.quota.window.num = 11
	replication.quota.window.size.seconds = 1
	request.timeout.ms = 30000
	reserved.broker.max.id = 1000
	sasl.enabled.mechanisms = [GSSAPI]
	sasl.kerberos.kinit.cmd = /usr/bin/kinit
	sasl.kerberos.min.time.before.relogin = 60000
	sasl.kerberos.principal.to.local.rules = [DEFAULT]
	sasl.kerberos.service.name = null
	sasl.kerberos.ticket.renew.jitter = 0.05
	sasl.kerberos.ticket.renew.window.factor = 0.8
	sasl.mechanism.inter.broker.protocol = GSSAPI
	security.inter.broker.protocol = PLAINTEXT
	socket.receive.buffer.bytes = 102400
	socket.request.max.bytes = 104857600
	socket.send.buffer.bytes = 102400
	ssl.cipher.suites = null
	ssl.client.auth = none
	ssl.enabled.protocols = [TLSv1.2, TLSv1.1, TLSv1]
	ssl.endpoint.identification.algorithm = null
	ssl.key.password = null
	ssl.keymanager.algorithm = SunX509
	ssl.keystore.location = null
	ssl.keystore.password = null
	ssl.keystore.type = JKS
	ssl.protocol = TLS
	ssl.provider = null
	ssl.secure.random.implementation = null
	ssl.trustmanager.algorithm = PKIX
	ssl.truststore.location = null
	ssl.truststore.password = null
	ssl.truststore.type = JKS
	transaction.abort.timed.out.transaction.cleanup.interval.ms = 60000
	transaction.max.timeout.ms = 900000
	transaction.remove.expired.transaction.cleanup.interval.ms = 3600000
	transaction.state.log.load.buffer.size = 5242880
	transaction.state.log.min.isr = 2
	transaction.state.log.num.partitions = 50
	transaction.state.log.replication.factor = 3
	transaction.state.log.segment.bytes = 104857600
	transactional.id.expiration.ms = 604800000
	unclean.leader.election.enable = false
	zookeeper.connect = localhost:2181
	zookeeper.connection.timeout.ms = 6000
	zookeeper.session.timeout.ms = 6000
	zookeeper.set.acl = false
	zookeeper.sync.time.ms = 2000
 (kafka.server.KafkaConfig)
[2018-03-23 11:33:13,936] INFO Zookeeper data directory is /home/knoldus/IdeaProjects/lagom/lagom-externalService/target/lagom-dynamic-projects/lagom-internal-meta-project-kafka/target/zookeeper_data. (com.lightbend.lagom.internal.kafka.KafkaLocalServer)
[2018-03-23 11:33:13,941] INFO Starting server (org.apache.zookeeper.server.ZooKeeperServerMain)
[2018-03-23 11:33:13,947] INFO Server environment:zookeeper.version=3.4.10-39d3a4f269333c922ed3db283be479f9deacaa0f, built on 03/23/2017 10:13 GMT (org.apache.zookeeper.server.ZooKeeperServer)
[2018-03-23 11:33:13,947] INFO Server environment:host.name=knoldus-Inspiron-5558 (org.apache.zookeeper.server.ZooKeeperServer)
[2018-03-23 11:33:13,947] INFO Server environment:java.version=1.8.0_151 (org.apache.zookeeper.server.ZooKeeperServer)
[2018-03-23 11:33:13,947] INFO Server environment:java.vendor=Oracle Corporation (org.apache.zookeeper.server.ZooKeeperServer)
[2018-03-23 11:33:13,947] INFO Server environment:java.home=/usr/lib/jvm/java-8-openjdk-amd64/jre (org.apache.zookeeper.server.ZooKeeperServer)
[2018-03-23 11:33:13,947] INFO Server environment:java.class.path=/home/knoldus/.sbt/boot/scala-2.12.4/lib/scala-library.jar:/home/knoldus/.ivy2/cache/com.lightbend.lagom/lagom-kafka-server_2.12/jars/lagom-kafka-server_2.12-1.4.1.jar:/home/knoldus/.ivy2/cache/org.apache.kafka/kafka_2.12/jars/kafka_2.12-0.11.0.1.jar:/home/knoldus/.ivy2/cache/org.apache.kafka/kafka-clients/jars/kafka-clients-0.11.0.1.jar:/home/knoldus/.ivy2/cache/net.jpountz.lz4/lz4/jars/lz4-1.3.0.jar:/home/knoldus/.ivy2/cache/org.xerial.snappy/snappy-java/bundles/snappy-java-1.1.2.6.jar:/home/knoldus/.ivy2/cache/org.slf4j/slf4j-api/jars/slf4j-api-1.7.25.jar:/home/knoldus/.ivy2/cache/net.sf.jopt-simple/jopt-simple/jars/jopt-simple-5.0.3.jar:/home/knoldus/.ivy2/cache/com.yammer.metrics/metrics-core/jars/metrics-core-2.2.0.jar:/home/knoldus/.ivy2/cache/org.slf4j/slf4j-log4j12/jars/slf4j-log4j12-1.7.25.jar:/home/knoldus/.ivy2/cache/log4j/log4j/bundles/log4j-1.2.17.jar:/home/knoldus/.ivy2/cache/com.101tec/zkclient/jars/zkclient-0.10.jar:/home/knoldus/.ivy2/cache/org.apache.zookeeper/zookeeper/jars/zookeeper-3.4.10.jar:/home/knoldus/.ivy2/cache/org.scala-lang.modules/scala-parser-combinators_2.12/bundles/scala-parser-combinators_2.12-1.0.4.jar:/home/knoldus/.ivy2/cache/org.apache.curator/curator-framework/bundles/curator-framework-2.10.0.jar:/home/knoldus/.ivy2/cache/org.apache.curator/curator-client/bundles/curator-client-2.10.0.jar:/home/knoldus/.ivy2/cache/com.google.guava/guava/bundles/guava-16.0.1.jar:/home/knoldus/.ivy2/cache/org.apache.curator/curator-test/jars/curator-test-2.10.0.jar:/home/knoldus/.ivy2/cache/org.javassist/javassist/bundles/javassist-3.21.0-GA.jar:/home/knoldus/.ivy2/cache/org.apache.commons/commons-math/jars/commons-math-2.2.jar:/home/knoldus/.ivy2/cache/org.scala-lang.modules/scala-java8-compat_2.12/bundles/scala-java8-compat_2.12-0.8.0.jar (org.apache.zookeeper.server.ZooKeeperServer)
[2018-03-23 11:33:13,947] INFO Server environment:java.library.path=/usr/java/packages/lib/amd64:/usr/lib/x86_64-linux-gnu/jni:/lib/x86_64-linux-gnu:/usr/lib/x86_64-linux-gnu:/usr/lib/jni:/lib:/usr/lib (org.apache.zookeeper.server.ZooKeeperServer)
[2018-03-23 11:33:13,947] INFO Server environment:java.io.tmpdir=/tmp (org.apache.zookeeper.server.ZooKeeperServer)
[2018-03-23 11:33:13,947] INFO Server environment:java.compiler=<NA> (org.apache.zookeeper.server.ZooKeeperServer)
[2018-03-23 11:33:13,947] INFO Server environment:os.name=Linux (org.apache.zookeeper.server.ZooKeeperServer)
[2018-03-23 11:33:13,947] INFO Server environment:os.arch=amd64 (org.apache.zookeeper.server.ZooKeeperServer)
[2018-03-23 11:33:13,947] INFO Server environment:os.version=4.13.0-36-generic (org.apache.zookeeper.server.ZooKeeperServer)
[2018-03-23 11:33:13,947] INFO Server environment:user.name=knoldus (org.apache.zookeeper.server.ZooKeeperServer)
[2018-03-23 11:33:13,947] INFO Server environment:user.home=/home/knoldus (org.apache.zookeeper.server.ZooKeeperServer)
[2018-03-23 11:33:13,947] INFO Server environment:user.dir=/home/knoldus/IdeaProjects/lagom/lagom-externalService (org.apache.zookeeper.server.ZooKeeperServer)
[2018-03-23 11:33:13,958] INFO tickTime set to 3000 (org.apache.zookeeper.server.ZooKeeperServer)
[2018-03-23 11:33:13,958] INFO minSessionTimeout set to -1 (org.apache.zookeeper.server.ZooKeeperServer)
[2018-03-23 11:33:13,958] INFO maxSessionTimeout set to -1 (org.apache.zookeeper.server.ZooKeeperServer)
[2018-03-23 11:33:13,969] INFO binding to port 0.0.0.0/0.0.0.0:2181 (org.apache.zookeeper.server.NIOServerCnxnFactory)
[2018-03-23 11:33:15,033] INFO starting (kafka.server.KafkaServer)
[2018-03-23 11:33:15,037] INFO Connecting to zookeeper on localhost:2181 (kafka.server.KafkaServer)
[2018-03-23 11:33:15,054] INFO Starting ZkClient event thread. (org.I0Itec.zkclient.ZkEventThread)
[2018-03-23 11:33:15,056] INFO Client environment:zookeeper.version=3.4.10-39d3a4f269333c922ed3db283be479f9deacaa0f, built on 03/23/2017 10:13 GMT (org.apache.zookeeper.ZooKeeper)
[2018-03-23 11:33:15,056] INFO Client environment:host.name=knoldus-Inspiron-5558 (org.apache.zookeeper.ZooKeeper)
[2018-03-23 11:33:15,056] INFO Client environment:java.version=1.8.0_151 (org.apache.zookeeper.ZooKeeper)
[2018-03-23 11:33:15,057] INFO Client environment:java.vendor=Oracle Corporation (org.apache.zookeeper.ZooKeeper)
[2018-03-23 11:33:15,057] INFO Client environment:java.home=/usr/lib/jvm/java-8-openjdk-amd64/jre (org.apache.zookeeper.ZooKeeper)
[2018-03-23 11:33:15,057] INFO Client environment:java.class.path=/home/knoldus/.sbt/boot/scala-2.12.4/lib/scala-library.jar:/home/knoldus/.ivy2/cache/com.lightbend.lagom/lagom-kafka-server_2.12/jars/lagom-kafka-server_2.12-1.4.1.jar:/home/knoldus/.ivy2/cache/org.apache.kafka/kafka_2.12/jars/kafka_2.12-0.11.0.1.jar:/home/knoldus/.ivy2/cache/org.apache.kafka/kafka-clients/jars/kafka-clients-0.11.0.1.jar:/home/knoldus/.ivy2/cache/net.jpountz.lz4/lz4/jars/lz4-1.3.0.jar:/home/knoldus/.ivy2/cache/org.xerial.snappy/snappy-java/bundles/snappy-java-1.1.2.6.jar:/home/knoldus/.ivy2/cache/org.slf4j/slf4j-api/jars/slf4j-api-1.7.25.jar:/home/knoldus/.ivy2/cache/net.sf.jopt-simple/jopt-simple/jars/jopt-simple-5.0.3.jar:/home/knoldus/.ivy2/cache/com.yammer.metrics/metrics-core/jars/metrics-core-2.2.0.jar:/home/knoldus/.ivy2/cache/org.slf4j/slf4j-log4j12/jars/slf4j-log4j12-1.7.25.jar:/home/knoldus/.ivy2/cache/log4j/log4j/bundles/log4j-1.2.17.jar:/home/knoldus/.ivy2/cache/com.101tec/zkclient/jars/zkclient-0.10.jar:/home/knoldus/.ivy2/cache/org.apache.zookeeper/zookeeper/jars/zookeeper-3.4.10.jar:/home/knoldus/.ivy2/cache/org.scala-lang.modules/scala-parser-combinators_2.12/bundles/scala-parser-combinators_2.12-1.0.4.jar:/home/knoldus/.ivy2/cache/org.apache.curator/curator-framework/bundles/curator-framework-2.10.0.jar:/home/knoldus/.ivy2/cache/org.apache.curator/curator-client/bundles/curator-client-2.10.0.jar:/home/knoldus/.ivy2/cache/com.google.guava/guava/bundles/guava-16.0.1.jar:/home/knoldus/.ivy2/cache/org.apache.curator/curator-test/jars/curator-test-2.10.0.jar:/home/knoldus/.ivy2/cache/org.javassist/javassist/bundles/javassist-3.21.0-GA.jar:/home/knoldus/.ivy2/cache/org.apache.commons/commons-math/jars/commons-math-2.2.jar:/home/knoldus/.ivy2/cache/org.scala-lang.modules/scala-java8-compat_2.12/bundles/scala-java8-compat_2.12-0.8.0.jar (org.apache.zookeeper.ZooKeeper)
[2018-03-23 11:33:15,057] INFO Client environment:java.library.path=/usr/java/packages/lib/amd64:/usr/lib/x86_64-linux-gnu/jni:/lib/x86_64-linux-gnu:/usr/lib/x86_64-linux-gnu:/usr/lib/jni:/lib:/usr/lib (org.apache.zookeeper.ZooKeeper)
[2018-03-23 11:33:15,057] INFO Client environment:java.io.tmpdir=/tmp (org.apache.zookeeper.ZooKeeper)
[2018-03-23 11:33:15,057] INFO Client environment:java.compiler=<NA> (org.apache.zookeeper.ZooKeeper)
[2018-03-23 11:33:15,057] INFO Client environment:os.name=Linux (org.apache.zookeeper.ZooKeeper)
[2018-03-23 11:33:15,057] INFO Client environment:os.arch=amd64 (org.apache.zookeeper.ZooKeeper)
[2018-03-23 11:33:15,057] INFO Client environment:os.version=4.13.0-36-generic (org.apache.zookeeper.ZooKeeper)
[2018-03-23 11:33:15,057] INFO Client environment:user.name=knoldus (org.apache.zookeeper.ZooKeeper)
[2018-03-23 11:33:15,057] INFO Client environment:user.home=/home/knoldus (org.apache.zookeeper.ZooKeeper)
[2018-03-23 11:33:15,057] INFO Client environment:user.dir=/home/knoldus/IdeaProjects/lagom/lagom-externalService (org.apache.zookeeper.ZooKeeper)
[2018-03-23 11:33:15,058] INFO Initiating client connection, connectString=localhost:2181 sessionTimeout=6000 watcher=org.I0Itec.zkclient.ZkClient@243c4f91 (org.apache.zookeeper.ZooKeeper)
[2018-03-23 11:33:15,075] INFO Waiting for keeper state SyncConnected (org.I0Itec.zkclient.ZkClient)
[2018-03-23 11:33:15,077] INFO Opening socket connection to server localhost/127.0.0.1:2181. Will not attempt to authenticate using SASL (unknown error) (org.apache.zookeeper.ClientCnxn)
[2018-03-23 11:33:15,085] INFO Socket connection established to localhost/127.0.0.1:2181, initiating session (org.apache.zookeeper.ClientCnxn)
[2018-03-23 11:33:15,085] INFO Accepted socket connection from /127.0.0.1:37362 (org.apache.zookeeper.server.NIOServerCnxnFactory)
[2018-03-23 11:33:15,091] INFO Client attempting to establish new session at /127.0.0.1:37362 (org.apache.zookeeper.server.ZooKeeperServer)
[2018-03-23 11:33:15,092] INFO Creating new log file: log.1e (org.apache.zookeeper.server.persistence.FileTxnLog)
[2018-03-23 11:33:15,163] INFO Established session 0x162517438db0000 with negotiated timeout 6000 for client /127.0.0.1:37362 (org.apache.zookeeper.server.ZooKeeperServer)
[2018-03-23 11:33:15,163] INFO Session establishment complete on server localhost/127.0.0.1:2181, sessionid = 0x162517438db0000, negotiated timeout = 6000 (org.apache.zookeeper.ClientCnxn)
[2018-03-23 11:33:15,164] INFO zookeeper state changed (SyncConnected) (org.I0Itec.zkclient.ZkClient)
[2018-03-23 11:33:15,346] INFO Cluster ID = F2DAU0StQ9SuxA3SImvcfg (kafka.server.KafkaServer)
[2018-03-23 11:33:15,410] INFO [ThrottledRequestReaper-Fetch]: Starting (kafka.server.ClientQuotaManager$ThrottledRequestReaper)
[2018-03-23 11:33:15,413] INFO [ThrottledRequestReaper-Produce]: Starting (kafka.server.ClientQuotaManager$ThrottledRequestReaper)
[2018-03-23 11:33:15,424] INFO [ThrottledRequestReaper-Request]: Starting (kafka.server.ClientQuotaManager$ThrottledRequestReaper)
[2018-03-23 11:33:15,465] INFO Loading logs. (kafka.log.LogManager)
[2018-03-23 11:33:15,476] INFO Logs loading complete in 11 ms. (kafka.log.LogManager)
[2018-03-23 11:33:15,600] INFO Starting log cleanup with a period of 300000 ms. (kafka.log.LogManager)
[2018-03-23 11:33:15,609] INFO Starting log flusher with a default period of 9223372036854775807 ms. (kafka.log.LogManager)
[2018-03-23 11:33:15,731] INFO Awaiting socket connections on 0.0.0.0:9092. (kafka.network.Acceptor)
[2018-03-23 11:33:15,734] INFO [Socket Server on Broker 0], Started 1 acceptor threads (kafka.network.SocketServer)
[2018-03-23 11:33:15,791] INFO [ExpirationReaper-0-Produce]: Starting (kafka.server.DelayedOperationPurgatory$ExpiredOperationReaper)
[2018-03-23 11:33:15,793] INFO [ExpirationReaper-0-Fetch]: Starting (kafka.server.DelayedOperationPurgatory$ExpiredOperationReaper)
[2018-03-23 11:33:15,793] INFO [ExpirationReaper-0-DeleteRecords]: Starting (kafka.server.DelayedOperationPurgatory$ExpiredOperationReaper)
[2018-03-23 11:33:15,909] INFO [ExpirationReaper-0-topic]: Starting (kafka.server.DelayedOperationPurgatory$ExpiredOperationReaper)
[2018-03-23 11:33:15,917] INFO Creating /controller (is it secure? false) (kafka.utils.ZKCheckedEphemeral)
[2018-03-23 11:33:15,932] INFO [ExpirationReaper-0-Heartbeat]: Starting (kafka.server.DelayedOperationPurgatory$ExpiredOperationReaper)
[2018-03-23 11:33:15,944] INFO [ExpirationReaper-0-Rebalance]: Starting (kafka.server.DelayedOperationPurgatory$ExpiredOperationReaper)
[2018-03-23 11:33:15,945] INFO Result of znode creation is: OK (kafka.utils.ZKCheckedEphemeral)
[2018-03-23 11:33:16,040] INFO [GroupCoordinator 0]: Starting up. (kafka.coordinator.group.GroupCoordinator)
[2018-03-23 11:33:16,059] INFO [GroupCoordinator 0]: Startup complete. (kafka.coordinator.group.GroupCoordinator)
[2018-03-23 11:33:16,083] INFO [Group Metadata Manager on Broker 0]: Removed 0 expired offsets in 4 milliseconds. (kafka.coordinator.group.GroupMetadataManager)
[2018-03-23 11:33:16,125] INFO Got user-level KeeperException when processing sessionid:0x162517438db0000 type:delete cxid:0x27 zxid:0x22 txntype:-1 reqpath:n/a Error Path:/admin/preferred_replica_election Error:KeeperErrorCode = NoNode for /admin/preferred_replica_election (org.apache.zookeeper.server.PrepRequestProcessor)
[2018-03-23 11:33:16,144] INFO [ProducerId Manager 0]: Acquired new producerId block (brokerId:0,blockStartProducerId:1000,blockEndProducerId:1999) by writing to Zk with path version 2 (kafka.coordinator.transaction.ProducerIdManager)
[2018-03-23 11:33:16,214] INFO [Transaction Coordinator 0]: Starting up. (kafka.coordinator.transaction.TransactionCoordinator)
[2018-03-23 11:33:16,219] INFO [Transaction Coordinator 0]: Startup complete. (kafka.coordinator.transaction.TransactionCoordinator)
[2018-03-23 11:33:16,229] INFO [Transaction Marker Channel Manager 0]: Starting (kafka.coordinator.transaction.TransactionMarkerChannelManager)
[2018-03-23 11:33:16,271] INFO Will not load MX4J, mx4j-tools.jar is not in the classpath (kafka.utils.Mx4jLoader$)
[2018-03-23 11:33:16,335] INFO Creating /brokers/ids/0 (is it secure? false) (kafka.utils.ZKCheckedEphemeral)
[2018-03-23 11:33:16,336] INFO Got user-level KeeperException when processing sessionid:0x162517438db0000 type:create cxid:0x32 zxid:0x23 txntype:-1 reqpath:n/a Error Path:/brokers Error:KeeperErrorCode = NodeExists for /brokers (org.apache.zookeeper.server.PrepRequestProcessor)
[2018-03-23 11:33:16,338] INFO Got user-level KeeperException when processing sessionid:0x162517438db0000 type:create cxid:0x33 zxid:0x24 txntype:-1 reqpath:n/a Error Path:/brokers/ids Error:KeeperErrorCode = NodeExists for /brokers/ids (org.apache.zookeeper.server.PrepRequestProcessor)
[2018-03-23 11:33:16,365] INFO Result of znode creation is: OK (kafka.utils.ZKCheckedEphemeral)
[2018-03-23 11:33:16,367] INFO Registered broker 0 at path /brokers/ids/0 with addresses: EndPoint(knoldus-Inspiron-5558,9092,ListenerName(PLAINTEXT),PLAINTEXT) (kafka.utils.ZkUtils)
[2018-03-23 11:33:16,370] INFO Kafka version : 0.11.0.1 (org.apache.kafka.common.utils.AppInfoParser)
[2018-03-23 11:33:16,370] INFO Kafka commitId : c2a0d5f9b1f45bf5 (org.apache.kafka.common.utils.AppInfoParser)
[2018-03-23 11:33:16,382] INFO [Kafka Server 0], started (kafka.server.KafkaServer)
[2018-03-23 11:34:42,252] INFO [Kafka Server 0], shutting down (kafka.server.KafkaServer)
[2018-03-23 11:34:42,744] INFO [Kafka Server 0], Starting controlled shutdown (kafka.server.KafkaServer)
[2018-03-23 11:34:42,823] INFO [Kafka Server 0], Controlled shutdown succeeded (kafka.server.KafkaServer)
[2018-03-23 11:34:42,833] INFO [Socket Server on Broker 0], Shutting down (kafka.network.SocketServer)
[2018-03-23 11:34:42,850] INFO [Socket Server on Broker 0], Shutdown completed (kafka.network.SocketServer)
[2018-03-23 11:34:42,851] INFO [Kafka Request Handler on Broker 0], shutting down (kafka.server.KafkaRequestHandlerPool)
[2018-03-23 11:34:42,865] INFO [Kafka Request Handler on Broker 0], shut down completely (kafka.server.KafkaRequestHandlerPool)
[2018-03-23 11:34:42,876] INFO [ThrottledRequestReaper-Fetch]: Shutting down (kafka.server.ClientQuotaManager$ThrottledRequestReaper)
[2018-03-23 11:34:43,422] INFO [ThrottledRequestReaper-Fetch]: Stopped (kafka.server.ClientQuotaManager$ThrottledRequestReaper)
[2018-03-23 11:34:43,423] INFO [ThrottledRequestReaper-Fetch]: Shutdown completed (kafka.server.ClientQuotaManager$ThrottledRequestReaper)
[2018-03-23 11:34:43,423] INFO [ThrottledRequestReaper-Produce]: Shutting down (kafka.server.ClientQuotaManager$ThrottledRequestReaper)
[2018-03-23 11:34:43,425] INFO [ThrottledRequestReaper-Produce]: Shutdown completed (kafka.server.ClientQuotaManager$ThrottledRequestReaper)
[2018-03-23 11:34:43,425] INFO [ThrottledRequestReaper-Produce]: Stopped (kafka.server.ClientQuotaManager$ThrottledRequestReaper)
[2018-03-23 11:34:43,425] INFO [ThrottledRequestReaper-Request]: Shutting down (kafka.server.ClientQuotaManager$ThrottledRequestReaper)
[2018-03-23 11:34:43,443] INFO [ThrottledRequestReaper-Request]: Stopped (kafka.server.ClientQuotaManager$ThrottledRequestReaper)
[2018-03-23 11:34:43,443] INFO [ThrottledRequestReaper-Request]: Shutdown completed (kafka.server.ClientQuotaManager$ThrottledRequestReaper)
[2018-03-23 11:34:43,443] INFO [KafkaApi-0] Shutdown complete. (kafka.server.KafkaApis)
[2018-03-23 11:34:43,444] INFO [ExpirationReaper-0-topic]: Shutting down (kafka.server.DelayedOperationPurgatory$ExpiredOperationReaper)
[2018-03-23 11:34:43,587] INFO [ExpirationReaper-0-topic]: Stopped (kafka.server.DelayedOperationPurgatory$ExpiredOperationReaper)
[2018-03-23 11:34:43,587] INFO [ExpirationReaper-0-topic]: Shutdown completed (kafka.server.DelayedOperationPurgatory$ExpiredOperationReaper)
[2018-03-23 11:34:43,590] INFO [Transaction Coordinator 0]: Shutting down. (kafka.coordinator.transaction.TransactionCoordinator)
[2018-03-23 11:34:43,594] INFO [ProducerId Manager 0]: Shutdown complete: last producerId assigned 1000 (kafka.coordinator.transaction.ProducerIdManager)
[2018-03-23 11:34:43,595] INFO [Transaction State Manager 0]: Shutdown complete (kafka.coordinator.transaction.TransactionStateManager)
[2018-03-23 11:34:43,595] INFO [Transaction Marker Channel Manager 0]: Shutting down (kafka.coordinator.transaction.TransactionMarkerChannelManager)
[2018-03-23 11:34:43,596] INFO [Transaction Marker Channel Manager 0]: Stopped (kafka.coordinator.transaction.TransactionMarkerChannelManager)
[2018-03-23 11:34:43,596] INFO [Transaction Marker Channel Manager 0]: Shutdown completed (kafka.coordinator.transaction.TransactionMarkerChannelManager)
[2018-03-23 11:34:43,597] INFO [Transaction Coordinator 0]: Shutdown complete. (kafka.coordinator.transaction.TransactionCoordinator)
[2018-03-23 11:34:43,598] INFO [GroupCoordinator 0]: Shutting down. (kafka.coordinator.group.GroupCoordinator)
[2018-03-23 11:34:43,599] INFO [ExpirationReaper-0-Heartbeat]: Shutting down (kafka.server.DelayedOperationPurgatory$ExpiredOperationReaper)
[2018-03-23 11:34:43,600] INFO [ExpirationReaper-0-Heartbeat]: Stopped (kafka.server.DelayedOperationPurgatory$ExpiredOperationReaper)
[2018-03-23 11:34:43,600] INFO [ExpirationReaper-0-Heartbeat]: Shutdown completed (kafka.server.DelayedOperationPurgatory$ExpiredOperationReaper)
[2018-03-23 11:34:43,600] INFO [ExpirationReaper-0-Rebalance]: Shutting down (kafka.server.DelayedOperationPurgatory$ExpiredOperationReaper)
[2018-03-23 11:34:43,800] INFO [ExpirationReaper-0-Rebalance]: Stopped (kafka.server.DelayedOperationPurgatory$ExpiredOperationReaper)
[2018-03-23 11:34:43,800] INFO [ExpirationReaper-0-Rebalance]: Shutdown completed (kafka.server.DelayedOperationPurgatory$ExpiredOperationReaper)
[2018-03-23 11:34:43,801] INFO [GroupCoordinator 0]: Shutdown complete. (kafka.coordinator.group.GroupCoordinator)
[2018-03-23 11:34:43,802] INFO [Replica Manager on Broker 0]: Shutting down (kafka.server.ReplicaManager)
[2018-03-23 11:34:43,803] INFO [ReplicaFetcherManager on broker 0] shutting down (kafka.server.ReplicaFetcherManager)
[2018-03-23 11:34:43,806] INFO [ReplicaFetcherManager on broker 0] shutdown completed (kafka.server.ReplicaFetcherManager)
[2018-03-23 11:34:43,806] INFO [ExpirationReaper-0-Fetch]: Shutting down (kafka.server.DelayedOperationPurgatory$ExpiredOperationReaper)
[2018-03-23 11:34:43,853] INFO [ExpirationReaper-0-Fetch]: Stopped (kafka.server.DelayedOperationPurgatory$ExpiredOperationReaper)
[2018-03-23 11:34:43,853] INFO [ExpirationReaper-0-Fetch]: Shutdown completed (kafka.server.DelayedOperationPurgatory$ExpiredOperationReaper)
[2018-03-23 11:34:43,853] INFO [ExpirationReaper-0-Produce]: Shutting down (kafka.server.DelayedOperationPurgatory$ExpiredOperationReaper)
[2018-03-23 11:34:44,053] INFO [ExpirationReaper-0-Produce]: Stopped (kafka.server.DelayedOperationPurgatory$ExpiredOperationReaper)
[2018-03-23 11:34:44,053] INFO [ExpirationReaper-0-Produce]: Shutdown completed (kafka.server.DelayedOperationPurgatory$ExpiredOperationReaper)
[2018-03-23 11:34:44,053] INFO [ExpirationReaper-0-DeleteRecords]: Shutting down (kafka.server.DelayedOperationPurgatory$ExpiredOperationReaper)
[2018-03-23 11:34:44,055] INFO [ExpirationReaper-0-DeleteRecords]: Stopped (kafka.server.DelayedOperationPurgatory$ExpiredOperationReaper)
[2018-03-23 11:34:44,055] INFO [ExpirationReaper-0-DeleteRecords]: Shutdown completed (kafka.server.DelayedOperationPurgatory$ExpiredOperationReaper)
[2018-03-23 11:34:44,060] INFO [Replica Manager on Broker 0]: Shut down completely (kafka.server.ReplicaManager)
[2018-03-23 11:34:44,061] INFO Shutting down. (kafka.log.LogManager)
[2018-03-23 11:34:44,092] INFO Shutdown complete. (kafka.log.LogManager)
[2018-03-23 11:34:44,103] INFO Terminate ZkClient event thread. (org.I0Itec.zkclient.ZkEventThread)
[2018-03-23 11:34:44,103] INFO Processed session termination for sessionid: 0x162517438db0000 (org.apache.zookeeper.server.PrepRequestProcessor)
[2018-03-23 11:34:44,147] INFO Session: 0x162517438db0000 closed (org.apache.zookeeper.ZooKeeper)
[2018-03-23 11:34:44,147] INFO Closed socket connection for client /127.0.0.1:37362 which had sessionid 0x162517438db0000 (org.apache.zookeeper.server.NIOServerCnxn)
[2018-03-23 11:34:44,150] INFO EventThread shut down for session: 0x162517438db0000 (org.apache.zookeeper.ClientCnxn)
[2018-03-23 11:34:44,153] INFO [Kafka Server 0], shut down completed (kafka.server.KafkaServer)
[2018-03-23 11:34:44,153] INFO NIOServerCnxn factory exited run method (org.apache.zookeeper.server.NIOServerCnxnFactory)
[2018-03-23 11:34:44,154] INFO shutting down (org.apache.zookeeper.server.ZooKeeperServer)
[2018-03-23 11:34:44,154] INFO Shutting down (org.apache.zookeeper.server.SessionTrackerImpl)
[2018-03-23 11:34:44,154] INFO Shutting down (org.apache.zookeeper.server.PrepRequestProcessor)
[2018-03-23 11:34:44,154] INFO Shutting down (org.apache.zookeeper.server.SyncRequestProcessor)
[2018-03-23 11:34:44,154] INFO PrepRequestProcessor exited loop! (org.apache.zookeeper.server.PrepRequestProcessor)
[2018-03-23 11:34:44,154] INFO SyncRequestProcessor exited! (org.apache.zookeeper.server.SyncRequestProcessor)
[2018-03-23 11:34:44,154] INFO shutdown of request processor complete (org.apache.zookeeper.server.FinalRequestProcessor)
[2018-03-23 11:36:58,324] INFO Kafka data directory is /home/knoldus/IdeaProjects/lagom/lagom-externalService/target/lagom-dynamic-projects/lagom-internal-meta-project-kafka/target/kafka_data. (com.lightbend.lagom.internal.kafka.KafkaLocalServer)
[2018-03-23 11:36:58,934] INFO KafkaConfig values: 
	advertised.host.name = null
	advertised.listeners = null
	advertised.port = null
	alter.config.policy.class.name = null
	authorizer.class.name = 
	auto.create.topics.enable = true
	auto.leader.rebalance.enable = true
	background.threads = 10
	broker.id = 0
	broker.id.generation.enable = true
	broker.rack = null
	compression.type = producer
	connections.max.idle.ms = 600000
	controlled.shutdown.enable = true
	controlled.shutdown.max.retries = 3
	controlled.shutdown.retry.backoff.ms = 5000
	controller.socket.timeout.ms = 30000
	create.topic.policy.class.name = null
	default.replication.factor = 1
	delete.records.purgatory.purge.interval.requests = 1
	delete.topic.enable = false
	fetch.purgatory.purge.interval.requests = 1000
	group.initial.rebalance.delay.ms = 3000
	group.max.session.timeout.ms = 300000
	group.min.session.timeout.ms = 6000
	host.name = 
	inter.broker.listener.name = null
	inter.broker.protocol.version = 0.11.0-IV2
	leader.imbalance.check.interval.seconds = 300
	leader.imbalance.per.broker.percentage = 10
	listener.security.protocol.map = SSL:SSL,SASL_PLAINTEXT:SASL_PLAINTEXT,TRACE:TRACE,SASL_SSL:SASL_SSL,PLAINTEXT:PLAINTEXT
	listeners = PLAINTEXT://:9092
	log.cleaner.backoff.ms = 15000
	log.cleaner.dedupe.buffer.size = 134217728
	log.cleaner.delete.retention.ms = 86400000
	log.cleaner.enable = true
	log.cleaner.io.buffer.load.factor = 0.9
	log.cleaner.io.buffer.size = 524288
	log.cleaner.io.max.bytes.per.second = 1.7976931348623157E308
	log.cleaner.min.cleanable.ratio = 0.5
	log.cleaner.min.compaction.lag.ms = 0
	log.cleaner.threads = 1
	log.cleanup.policy = [delete]
	log.dir = /tmp/kafka-logs
	log.dirs = /home/knoldus/IdeaProjects/lagom/lagom-externalService/target/lagom-dynamic-projects/lagom-internal-meta-project-kafka/target/kafka_data
	log.flush.interval.messages = 9223372036854775807
	log.flush.interval.ms = null
	log.flush.offset.checkpoint.interval.ms = 60000
	log.flush.scheduler.interval.ms = 9223372036854775807
	log.flush.start.offset.checkpoint.interval.ms = 60000
	log.index.interval.bytes = 4096
	log.index.size.max.bytes = 10485760
	log.message.format.version = 0.11.0-IV2
	log.message.timestamp.difference.max.ms = 9223372036854775807
	log.message.timestamp.type = CreateTime
	log.preallocate = false
	log.retention.bytes = -1
	log.retention.check.interval.ms = 300000
	log.retention.hours = 168
	log.retention.minutes = null
	log.retention.ms = null
	log.roll.hours = 168
	log.roll.jitter.hours = 0
	log.roll.jitter.ms = null
	log.roll.ms = null
	log.segment.bytes = 1073741824
	log.segment.delete.delay.ms = 60000
	max.connections.per.ip = 2147483647
	max.connections.per.ip.overrides = 
	message.max.bytes = 1000012
	metric.reporters = []
	metrics.num.samples = 2
	metrics.recording.level = INFO
	metrics.sample.window.ms = 30000
	min.insync.replicas = 1
	num.io.threads = 8
	num.network.threads = 3
	num.partitions = 1
	num.recovery.threads.per.data.dir = 1
	num.replica.fetchers = 1
	offset.metadata.max.bytes = 4096
	offsets.commit.required.acks = -1
	offsets.commit.timeout.ms = 5000
	offsets.load.buffer.size = 5242880
	offsets.retention.check.interval.ms = 600000
	offsets.retention.minutes = 1440
	offsets.topic.compression.codec = 0
	offsets.topic.num.partitions = 1
	offsets.topic.replication.factor = 1
	offsets.topic.segment.bytes = 104857600
	port = 9092
	principal.builder.class = class org.apache.kafka.common.security.auth.DefaultPrincipalBuilder
	producer.purgatory.purge.interval.requests = 1000
	queued.max.requests = 500
	quota.consumer.default = 9223372036854775807
	quota.producer.default = 9223372036854775807
	quota.window.num = 11
	quota.window.size.seconds = 1
	replica.fetch.backoff.ms = 1000
	replica.fetch.max.bytes = 1048576
	replica.fetch.min.bytes = 1
	replica.fetch.response.max.bytes = 10485760
	replica.fetch.wait.max.ms = 500
	replica.high.watermark.checkpoint.interval.ms = 5000
	replica.lag.time.max.ms = 10000
	replica.socket.receive.buffer.bytes = 65536
	replica.socket.timeout.ms = 30000
	replication.quota.window.num = 11
	replication.quota.window.size.seconds = 1
	request.timeout.ms = 30000
	reserved.broker.max.id = 1000
	sasl.enabled.mechanisms = [GSSAPI]
	sasl.kerberos.kinit.cmd = /usr/bin/kinit
	sasl.kerberos.min.time.before.relogin = 60000
	sasl.kerberos.principal.to.local.rules = [DEFAULT]
	sasl.kerberos.service.name = null
	sasl.kerberos.ticket.renew.jitter = 0.05
	sasl.kerberos.ticket.renew.window.factor = 0.8
	sasl.mechanism.inter.broker.protocol = GSSAPI
	security.inter.broker.protocol = PLAINTEXT
	socket.receive.buffer.bytes = 102400
	socket.request.max.bytes = 104857600
	socket.send.buffer.bytes = 102400
	ssl.cipher.suites = null
	ssl.client.auth = none
	ssl.enabled.protocols = [TLSv1.2, TLSv1.1, TLSv1]
	ssl.endpoint.identification.algorithm = null
	ssl.key.password = null
	ssl.keymanager.algorithm = SunX509
	ssl.keystore.location = null
	ssl.keystore.password = null
	ssl.keystore.type = JKS
	ssl.protocol = TLS
	ssl.provider = null
	ssl.secure.random.implementation = null
	ssl.trustmanager.algorithm = PKIX
	ssl.truststore.location = null
	ssl.truststore.password = null
	ssl.truststore.type = JKS
	transaction.abort.timed.out.transaction.cleanup.interval.ms = 60000
	transaction.max.timeout.ms = 900000
	transaction.remove.expired.transaction.cleanup.interval.ms = 3600000
	transaction.state.log.load.buffer.size = 5242880
	transaction.state.log.min.isr = 2
	transaction.state.log.num.partitions = 50
	transaction.state.log.replication.factor = 3
	transaction.state.log.segment.bytes = 104857600
	transactional.id.expiration.ms = 604800000
	unclean.leader.election.enable = false
	zookeeper.connect = localhost:2181
	zookeeper.connection.timeout.ms = 6000
	zookeeper.session.timeout.ms = 6000
	zookeeper.set.acl = false
	zookeeper.sync.time.ms = 2000
 (kafka.server.KafkaConfig)
[2018-03-23 11:36:59,314] INFO Zookeeper data directory is /home/knoldus/IdeaProjects/lagom/lagom-externalService/target/lagom-dynamic-projects/lagom-internal-meta-project-kafka/target/zookeeper_data. (com.lightbend.lagom.internal.kafka.KafkaLocalServer)
[2018-03-23 11:36:59,328] INFO Starting server (org.apache.zookeeper.server.ZooKeeperServerMain)
[2018-03-23 11:36:59,334] INFO Server environment:zookeeper.version=3.4.10-39d3a4f269333c922ed3db283be479f9deacaa0f, built on 03/23/2017 10:13 GMT (org.apache.zookeeper.server.ZooKeeperServer)
[2018-03-23 11:36:59,334] INFO Server environment:host.name=knoldus-Inspiron-5558 (org.apache.zookeeper.server.ZooKeeperServer)
[2018-03-23 11:36:59,334] INFO Server environment:java.version=1.8.0_151 (org.apache.zookeeper.server.ZooKeeperServer)
[2018-03-23 11:36:59,334] INFO Server environment:java.vendor=Oracle Corporation (org.apache.zookeeper.server.ZooKeeperServer)
[2018-03-23 11:36:59,334] INFO Server environment:java.home=/usr/lib/jvm/java-8-openjdk-amd64/jre (org.apache.zookeeper.server.ZooKeeperServer)
[2018-03-23 11:36:59,335] INFO Server environment:java.class.path=/home/knoldus/.sbt/boot/scala-2.12.4/lib/scala-library.jar:/home/knoldus/.ivy2/cache/com.lightbend.lagom/lagom-kafka-server_2.12/jars/lagom-kafka-server_2.12-1.4.1.jar:/home/knoldus/.ivy2/cache/org.apache.kafka/kafka_2.12/jars/kafka_2.12-0.11.0.1.jar:/home/knoldus/.ivy2/cache/org.apache.kafka/kafka-clients/jars/kafka-clients-0.11.0.1.jar:/home/knoldus/.ivy2/cache/net.jpountz.lz4/lz4/jars/lz4-1.3.0.jar:/home/knoldus/.ivy2/cache/org.xerial.snappy/snappy-java/bundles/snappy-java-1.1.2.6.jar:/home/knoldus/.ivy2/cache/org.slf4j/slf4j-api/jars/slf4j-api-1.7.25.jar:/home/knoldus/.ivy2/cache/net.sf.jopt-simple/jopt-simple/jars/jopt-simple-5.0.3.jar:/home/knoldus/.ivy2/cache/com.yammer.metrics/metrics-core/jars/metrics-core-2.2.0.jar:/home/knoldus/.ivy2/cache/org.slf4j/slf4j-log4j12/jars/slf4j-log4j12-1.7.25.jar:/home/knoldus/.ivy2/cache/log4j/log4j/bundles/log4j-1.2.17.jar:/home/knoldus/.ivy2/cache/com.101tec/zkclient/jars/zkclient-0.10.jar:/home/knoldus/.ivy2/cache/org.apache.zookeeper/zookeeper/jars/zookeeper-3.4.10.jar:/home/knoldus/.ivy2/cache/org.scala-lang.modules/scala-parser-combinators_2.12/bundles/scala-parser-combinators_2.12-1.0.4.jar:/home/knoldus/.ivy2/cache/org.apache.curator/curator-framework/bundles/curator-framework-2.10.0.jar:/home/knoldus/.ivy2/cache/org.apache.curator/curator-client/bundles/curator-client-2.10.0.jar:/home/knoldus/.ivy2/cache/com.google.guava/guava/bundles/guava-16.0.1.jar:/home/knoldus/.ivy2/cache/org.apache.curator/curator-test/jars/curator-test-2.10.0.jar:/home/knoldus/.ivy2/cache/org.javassist/javassist/bundles/javassist-3.21.0-GA.jar:/home/knoldus/.ivy2/cache/org.apache.commons/commons-math/jars/commons-math-2.2.jar:/home/knoldus/.ivy2/cache/org.scala-lang.modules/scala-java8-compat_2.12/bundles/scala-java8-compat_2.12-0.8.0.jar (org.apache.zookeeper.server.ZooKeeperServer)
[2018-03-23 11:36:59,335] INFO Server environment:java.library.path=/usr/java/packages/lib/amd64:/usr/lib/x86_64-linux-gnu/jni:/lib/x86_64-linux-gnu:/usr/lib/x86_64-linux-gnu:/usr/lib/jni:/lib:/usr/lib (org.apache.zookeeper.server.ZooKeeperServer)
[2018-03-23 11:36:59,335] INFO Server environment:java.io.tmpdir=/tmp (org.apache.zookeeper.server.ZooKeeperServer)
[2018-03-23 11:36:59,335] INFO Server environment:java.compiler=<NA> (org.apache.zookeeper.server.ZooKeeperServer)
[2018-03-23 11:36:59,335] INFO Server environment:os.name=Linux (org.apache.zookeeper.server.ZooKeeperServer)
[2018-03-23 11:36:59,335] INFO Server environment:os.arch=amd64 (org.apache.zookeeper.server.ZooKeeperServer)
[2018-03-23 11:36:59,335] INFO Server environment:os.version=4.13.0-36-generic (org.apache.zookeeper.server.ZooKeeperServer)
[2018-03-23 11:36:59,335] INFO Server environment:user.name=knoldus (org.apache.zookeeper.server.ZooKeeperServer)
[2018-03-23 11:36:59,335] INFO Server environment:user.home=/home/knoldus (org.apache.zookeeper.server.ZooKeeperServer)
[2018-03-23 11:36:59,335] INFO Server environment:user.dir=/home/knoldus/IdeaProjects/lagom/lagom-externalService (org.apache.zookeeper.server.ZooKeeperServer)
[2018-03-23 11:36:59,353] INFO tickTime set to 3000 (org.apache.zookeeper.server.ZooKeeperServer)
[2018-03-23 11:36:59,353] INFO minSessionTimeout set to -1 (org.apache.zookeeper.server.ZooKeeperServer)
[2018-03-23 11:36:59,353] INFO maxSessionTimeout set to -1 (org.apache.zookeeper.server.ZooKeeperServer)
[2018-03-23 11:36:59,366] INFO binding to port 0.0.0.0/0.0.0.0:2181 (org.apache.zookeeper.server.NIOServerCnxnFactory)
[2018-03-23 11:37:00,501] INFO starting (kafka.server.KafkaServer)
[2018-03-23 11:37:00,505] INFO Connecting to zookeeper on localhost:2181 (kafka.server.KafkaServer)
[2018-03-23 11:37:00,527] INFO Starting ZkClient event thread. (org.I0Itec.zkclient.ZkEventThread)
[2018-03-23 11:37:00,530] INFO Client environment:zookeeper.version=3.4.10-39d3a4f269333c922ed3db283be479f9deacaa0f, built on 03/23/2017 10:13 GMT (org.apache.zookeeper.ZooKeeper)
[2018-03-23 11:37:00,531] INFO Client environment:host.name=knoldus-Inspiron-5558 (org.apache.zookeeper.ZooKeeper)
[2018-03-23 11:37:00,531] INFO Client environment:java.version=1.8.0_151 (org.apache.zookeeper.ZooKeeper)
[2018-03-23 11:37:00,531] INFO Client environment:java.vendor=Oracle Corporation (org.apache.zookeeper.ZooKeeper)
[2018-03-23 11:37:00,531] INFO Client environment:java.home=/usr/lib/jvm/java-8-openjdk-amd64/jre (org.apache.zookeeper.ZooKeeper)
[2018-03-23 11:37:00,531] INFO Client environment:java.class.path=/home/knoldus/.sbt/boot/scala-2.12.4/lib/scala-library.jar:/home/knoldus/.ivy2/cache/com.lightbend.lagom/lagom-kafka-server_2.12/jars/lagom-kafka-server_2.12-1.4.1.jar:/home/knoldus/.ivy2/cache/org.apache.kafka/kafka_2.12/jars/kafka_2.12-0.11.0.1.jar:/home/knoldus/.ivy2/cache/org.apache.kafka/kafka-clients/jars/kafka-clients-0.11.0.1.jar:/home/knoldus/.ivy2/cache/net.jpountz.lz4/lz4/jars/lz4-1.3.0.jar:/home/knoldus/.ivy2/cache/org.xerial.snappy/snappy-java/bundles/snappy-java-1.1.2.6.jar:/home/knoldus/.ivy2/cache/org.slf4j/slf4j-api/jars/slf4j-api-1.7.25.jar:/home/knoldus/.ivy2/cache/net.sf.jopt-simple/jopt-simple/jars/jopt-simple-5.0.3.jar:/home/knoldus/.ivy2/cache/com.yammer.metrics/metrics-core/jars/metrics-core-2.2.0.jar:/home/knoldus/.ivy2/cache/org.slf4j/slf4j-log4j12/jars/slf4j-log4j12-1.7.25.jar:/home/knoldus/.ivy2/cache/log4j/log4j/bundles/log4j-1.2.17.jar:/home/knoldus/.ivy2/cache/com.101tec/zkclient/jars/zkclient-0.10.jar:/home/knoldus/.ivy2/cache/org.apache.zookeeper/zookeeper/jars/zookeeper-3.4.10.jar:/home/knoldus/.ivy2/cache/org.scala-lang.modules/scala-parser-combinators_2.12/bundles/scala-parser-combinators_2.12-1.0.4.jar:/home/knoldus/.ivy2/cache/org.apache.curator/curator-framework/bundles/curator-framework-2.10.0.jar:/home/knoldus/.ivy2/cache/org.apache.curator/curator-client/bundles/curator-client-2.10.0.jar:/home/knoldus/.ivy2/cache/com.google.guava/guava/bundles/guava-16.0.1.jar:/home/knoldus/.ivy2/cache/org.apache.curator/curator-test/jars/curator-test-2.10.0.jar:/home/knoldus/.ivy2/cache/org.javassist/javassist/bundles/javassist-3.21.0-GA.jar:/home/knoldus/.ivy2/cache/org.apache.commons/commons-math/jars/commons-math-2.2.jar:/home/knoldus/.ivy2/cache/org.scala-lang.modules/scala-java8-compat_2.12/bundles/scala-java8-compat_2.12-0.8.0.jar (org.apache.zookeeper.ZooKeeper)
[2018-03-23 11:37:00,531] INFO Client environment:java.library.path=/usr/java/packages/lib/amd64:/usr/lib/x86_64-linux-gnu/jni:/lib/x86_64-linux-gnu:/usr/lib/x86_64-linux-gnu:/usr/lib/jni:/lib:/usr/lib (org.apache.zookeeper.ZooKeeper)
[2018-03-23 11:37:00,531] INFO Client environment:java.io.tmpdir=/tmp (org.apache.zookeeper.ZooKeeper)
[2018-03-23 11:37:00,531] INFO Client environment:java.compiler=<NA> (org.apache.zookeeper.ZooKeeper)
[2018-03-23 11:37:00,531] INFO Client environment:os.name=Linux (org.apache.zookeeper.ZooKeeper)
[2018-03-23 11:37:00,531] INFO Client environment:os.arch=amd64 (org.apache.zookeeper.ZooKeeper)
[2018-03-23 11:37:00,531] INFO Client environment:os.version=4.13.0-36-generic (org.apache.zookeeper.ZooKeeper)
[2018-03-23 11:37:00,531] INFO Client environment:user.name=knoldus (org.apache.zookeeper.ZooKeeper)
[2018-03-23 11:37:00,531] INFO Client environment:user.home=/home/knoldus (org.apache.zookeeper.ZooKeeper)
[2018-03-23 11:37:00,531] INFO Client environment:user.dir=/home/knoldus/IdeaProjects/lagom/lagom-externalService (org.apache.zookeeper.ZooKeeper)
[2018-03-23 11:37:00,532] INFO Initiating client connection, connectString=localhost:2181 sessionTimeout=6000 watcher=org.I0Itec.zkclient.ZkClient@243c4f91 (org.apache.zookeeper.ZooKeeper)
[2018-03-23 11:37:00,544] INFO Waiting for keeper state SyncConnected (org.I0Itec.zkclient.ZkClient)
[2018-03-23 11:37:00,546] INFO Opening socket connection to server localhost/127.0.0.1:2181. Will not attempt to authenticate using SASL (unknown error) (org.apache.zookeeper.ClientCnxn)
[2018-03-23 11:37:00,554] INFO Socket connection established to localhost/127.0.0.1:2181, initiating session (org.apache.zookeeper.ClientCnxn)
[2018-03-23 11:37:00,554] INFO Accepted socket connection from /127.0.0.1:37618 (org.apache.zookeeper.server.NIOServerCnxnFactory)
[2018-03-23 11:37:00,561] INFO Client attempting to establish new session at /127.0.0.1:37618 (org.apache.zookeeper.server.ZooKeeperServer)
[2018-03-23 11:37:00,563] INFO Creating new log file: log.27 (org.apache.zookeeper.server.persistence.FileTxnLog)
[2018-03-23 11:37:00,644] INFO Established session 0x1625177a98c0000 with negotiated timeout 6000 for client /127.0.0.1:37618 (org.apache.zookeeper.server.ZooKeeperServer)
[2018-03-23 11:37:00,645] INFO Session establishment complete on server localhost/127.0.0.1:2181, sessionid = 0x1625177a98c0000, negotiated timeout = 6000 (org.apache.zookeeper.ClientCnxn)
[2018-03-23 11:37:00,646] INFO zookeeper state changed (SyncConnected) (org.I0Itec.zkclient.ZkClient)
[2018-03-23 11:37:00,860] INFO Cluster ID = F2DAU0StQ9SuxA3SImvcfg (kafka.server.KafkaServer)
[2018-03-23 11:37:00,948] INFO [ThrottledRequestReaper-Fetch]: Starting (kafka.server.ClientQuotaManager$ThrottledRequestReaper)
[2018-03-23 11:37:00,948] INFO [ThrottledRequestReaper-Produce]: Starting (kafka.server.ClientQuotaManager$ThrottledRequestReaper)
[2018-03-23 11:37:00,950] INFO [ThrottledRequestReaper-Request]: Starting (kafka.server.ClientQuotaManager$ThrottledRequestReaper)
[2018-03-23 11:37:01,001] INFO Loading logs. (kafka.log.LogManager)
[2018-03-23 11:37:01,015] INFO Logs loading complete in 14 ms. (kafka.log.LogManager)
[2018-03-23 11:37:01,138] INFO Starting log cleanup with a period of 300000 ms. (kafka.log.LogManager)
[2018-03-23 11:37:01,142] INFO Starting log flusher with a default period of 9223372036854775807 ms. (kafka.log.LogManager)
[2018-03-23 11:37:01,301] INFO Awaiting socket connections on 0.0.0.0:9092. (kafka.network.Acceptor)
[2018-03-23 11:37:01,310] INFO [Socket Server on Broker 0], Started 1 acceptor threads (kafka.network.SocketServer)
[2018-03-23 11:37:01,372] INFO [ExpirationReaper-0-Produce]: Starting (kafka.server.DelayedOperationPurgatory$ExpiredOperationReaper)
[2018-03-23 11:37:01,390] INFO [ExpirationReaper-0-Fetch]: Starting (kafka.server.DelayedOperationPurgatory$ExpiredOperationReaper)
[2018-03-23 11:37:01,391] INFO [ExpirationReaper-0-DeleteRecords]: Starting (kafka.server.DelayedOperationPurgatory$ExpiredOperationReaper)
[2018-03-23 11:37:01,499] INFO [ExpirationReaper-0-topic]: Starting (kafka.server.DelayedOperationPurgatory$ExpiredOperationReaper)
[2018-03-23 11:37:01,503] INFO Creating /controller (is it secure? false) (kafka.utils.ZKCheckedEphemeral)
[2018-03-23 11:37:01,509] INFO [ExpirationReaper-0-Heartbeat]: Starting (kafka.server.DelayedOperationPurgatory$ExpiredOperationReaper)
[2018-03-23 11:37:01,525] INFO [ExpirationReaper-0-Rebalance]: Starting (kafka.server.DelayedOperationPurgatory$ExpiredOperationReaper)
[2018-03-23 11:37:01,544] INFO Result of znode creation is: OK (kafka.utils.ZKCheckedEphemeral)
[2018-03-23 11:37:01,629] INFO [GroupCoordinator 0]: Starting up. (kafka.coordinator.group.GroupCoordinator)
[2018-03-23 11:37:01,630] INFO [GroupCoordinator 0]: Startup complete. (kafka.coordinator.group.GroupCoordinator)
[2018-03-23 11:37:01,665] INFO [Group Metadata Manager on Broker 0]: Removed 0 expired offsets in 29 milliseconds. (kafka.coordinator.group.GroupMetadataManager)
[2018-03-23 11:37:01,709] INFO [ProducerId Manager 0]: Acquired new producerId block (brokerId:0,blockStartProducerId:2000,blockEndProducerId:2999) by writing to Zk with path version 3 (kafka.coordinator.transaction.ProducerIdManager)
[2018-03-23 11:37:01,798] INFO [Transaction Coordinator 0]: Starting up. (kafka.coordinator.transaction.TransactionCoordinator)
[2018-03-23 11:37:01,825] INFO [Transaction Coordinator 0]: Startup complete. (kafka.coordinator.transaction.TransactionCoordinator)
[2018-03-23 11:37:01,828] INFO [Transaction Marker Channel Manager 0]: Starting (kafka.coordinator.transaction.TransactionMarkerChannelManager)
[2018-03-23 11:37:01,869] INFO Got user-level KeeperException when processing sessionid:0x1625177a98c0000 type:delete cxid:0x28 zxid:0x2b txntype:-1 reqpath:n/a Error Path:/admin/preferred_replica_election Error:KeeperErrorCode = NoNode for /admin/preferred_replica_election (org.apache.zookeeper.server.PrepRequestProcessor)
[2018-03-23 11:37:01,937] INFO Will not load MX4J, mx4j-tools.jar is not in the classpath (kafka.utils.Mx4jLoader$)
[2018-03-23 11:37:01,996] INFO Creating /brokers/ids/0 (is it secure? false) (kafka.utils.ZKCheckedEphemeral)
[2018-03-23 11:37:01,998] INFO Got user-level KeeperException when processing sessionid:0x1625177a98c0000 type:create cxid:0x32 zxid:0x2c txntype:-1 reqpath:n/a Error Path:/brokers Error:KeeperErrorCode = NodeExists for /brokers (org.apache.zookeeper.server.PrepRequestProcessor)
[2018-03-23 11:37:02,000] INFO Got user-level KeeperException when processing sessionid:0x1625177a98c0000 type:create cxid:0x33 zxid:0x2d txntype:-1 reqpath:n/a Error Path:/brokers/ids Error:KeeperErrorCode = NodeExists for /brokers/ids (org.apache.zookeeper.server.PrepRequestProcessor)
[2018-03-23 11:37:02,033] INFO Result of znode creation is: OK (kafka.utils.ZKCheckedEphemeral)
[2018-03-23 11:37:02,039] INFO Registered broker 0 at path /brokers/ids/0 with addresses: EndPoint(knoldus-Inspiron-5558,9092,ListenerName(PLAINTEXT),PLAINTEXT) (kafka.utils.ZkUtils)
[2018-03-23 11:37:02,048] INFO Kafka version : 0.11.0.1 (org.apache.kafka.common.utils.AppInfoParser)
[2018-03-23 11:37:02,048] INFO Kafka commitId : c2a0d5f9b1f45bf5 (org.apache.kafka.common.utils.AppInfoParser)
[2018-03-23 11:37:02,050] INFO [Kafka Server 0], started (kafka.server.KafkaServer)
[2018-03-23 11:38:02,349] INFO [Kafka Server 0], shutting down (kafka.server.KafkaServer)
[2018-03-23 11:38:02,353] INFO [Kafka Server 0], Starting controlled shutdown (kafka.server.KafkaServer)
[2018-03-23 11:38:02,439] INFO [Kafka Server 0], Controlled shutdown succeeded (kafka.server.KafkaServer)
[2018-03-23 11:38:02,442] INFO [Socket Server on Broker 0], Shutting down (kafka.network.SocketServer)
[2018-03-23 11:38:02,479] INFO [Socket Server on Broker 0], Shutdown completed (kafka.network.SocketServer)
[2018-03-23 11:38:02,480] INFO [Kafka Request Handler on Broker 0], shutting down (kafka.server.KafkaRequestHandlerPool)
[2018-03-23 11:38:02,484] INFO [Kafka Request Handler on Broker 0], shut down completely (kafka.server.KafkaRequestHandlerPool)
[2018-03-23 11:38:02,496] INFO [ThrottledRequestReaper-Fetch]: Shutting down (kafka.server.ClientQuotaManager$ThrottledRequestReaper)
[2018-03-23 11:38:02,957] INFO [ThrottledRequestReaper-Fetch]: Shutdown completed (kafka.server.ClientQuotaManager$ThrottledRequestReaper)
[2018-03-23 11:38:02,957] INFO [ThrottledRequestReaper-Fetch]: Stopped (kafka.server.ClientQuotaManager$ThrottledRequestReaper)
[2018-03-23 11:38:02,957] INFO [ThrottledRequestReaper-Produce]: Shutting down (kafka.server.ClientQuotaManager$ThrottledRequestReaper)
[2018-03-23 11:38:03,956] INFO [ThrottledRequestReaper-Produce]: Shutdown completed (kafka.server.ClientQuotaManager$ThrottledRequestReaper)
[2018-03-23 11:38:03,956] INFO [ThrottledRequestReaper-Produce]: Stopped (kafka.server.ClientQuotaManager$ThrottledRequestReaper)
[2018-03-23 11:38:03,956] INFO [ThrottledRequestReaper-Request]: Shutting down (kafka.server.ClientQuotaManager$ThrottledRequestReaper)
[2018-03-23 11:38:03,957] INFO [ThrottledRequestReaper-Request]: Stopped (kafka.server.ClientQuotaManager$ThrottledRequestReaper)
[2018-03-23 11:38:03,957] INFO [ThrottledRequestReaper-Request]: Shutdown completed (kafka.server.ClientQuotaManager$ThrottledRequestReaper)
[2018-03-23 11:38:03,959] INFO [KafkaApi-0] Shutdown complete. (kafka.server.KafkaApis)
[2018-03-23 11:38:03,961] INFO [ExpirationReaper-0-topic]: Shutting down (kafka.server.DelayedOperationPurgatory$ExpiredOperationReaper)
[2018-03-23 11:38:04,148] INFO [ExpirationReaper-0-topic]: Stopped (kafka.server.DelayedOperationPurgatory$ExpiredOperationReaper)
[2018-03-23 11:38:04,148] INFO [ExpirationReaper-0-topic]: Shutdown completed (kafka.server.DelayedOperationPurgatory$ExpiredOperationReaper)
[2018-03-23 11:38:04,156] INFO [Transaction Coordinator 0]: Shutting down. (kafka.coordinator.transaction.TransactionCoordinator)
[2018-03-23 11:38:04,159] INFO [ProducerId Manager 0]: Shutdown complete: last producerId assigned 2000 (kafka.coordinator.transaction.ProducerIdManager)
[2018-03-23 11:38:04,160] INFO [Transaction State Manager 0]: Shutdown complete (kafka.coordinator.transaction.TransactionStateManager)
[2018-03-23 11:38:04,160] INFO [Transaction Marker Channel Manager 0]: Shutting down (kafka.coordinator.transaction.TransactionMarkerChannelManager)
[2018-03-23 11:38:04,161] INFO [Transaction Marker Channel Manager 0]: Stopped (kafka.coordinator.transaction.TransactionMarkerChannelManager)
[2018-03-23 11:38:04,161] INFO [Transaction Marker Channel Manager 0]: Shutdown completed (kafka.coordinator.transaction.TransactionMarkerChannelManager)
[2018-03-23 11:38:04,161] INFO [Transaction Coordinator 0]: Shutdown complete. (kafka.coordinator.transaction.TransactionCoordinator)
[2018-03-23 11:38:04,162] INFO [GroupCoordinator 0]: Shutting down. (kafka.coordinator.group.GroupCoordinator)
[2018-03-23 11:38:04,163] INFO [ExpirationReaper-0-Heartbeat]: Shutting down (kafka.server.DelayedOperationPurgatory$ExpiredOperationReaper)
[2018-03-23 11:38:04,349] INFO [ExpirationReaper-0-Heartbeat]: Shutdown completed (kafka.server.DelayedOperationPurgatory$ExpiredOperationReaper)
[2018-03-23 11:38:04,349] INFO [ExpirationReaper-0-Heartbeat]: Stopped (kafka.server.DelayedOperationPurgatory$ExpiredOperationReaper)
[2018-03-23 11:38:04,349] INFO [ExpirationReaper-0-Rebalance]: Shutting down (kafka.server.DelayedOperationPurgatory$ExpiredOperationReaper)
[2018-03-23 11:38:04,370] INFO [ExpirationReaper-0-Rebalance]: Stopped (kafka.server.DelayedOperationPurgatory$ExpiredOperationReaper)
[2018-03-23 11:38:04,370] INFO [ExpirationReaper-0-Rebalance]: Shutdown completed (kafka.server.DelayedOperationPurgatory$ExpiredOperationReaper)
[2018-03-23 11:38:04,371] INFO [GroupCoordinator 0]: Shutdown complete. (kafka.coordinator.group.GroupCoordinator)
[2018-03-23 11:38:04,373] INFO [Replica Manager on Broker 0]: Shutting down (kafka.server.ReplicaManager)
[2018-03-23 11:38:04,374] INFO [ReplicaFetcherManager on broker 0] shutting down (kafka.server.ReplicaFetcherManager)
[2018-03-23 11:38:04,378] INFO [ReplicaFetcherManager on broker 0] shutdown completed (kafka.server.ReplicaFetcherManager)
[2018-03-23 11:38:04,378] INFO [ExpirationReaper-0-Fetch]: Shutting down (kafka.server.DelayedOperationPurgatory$ExpiredOperationReaper)
[2018-03-23 11:38:04,434] INFO [ExpirationReaper-0-Fetch]: Stopped (kafka.server.DelayedOperationPurgatory$ExpiredOperationReaper)
[2018-03-23 11:38:04,434] INFO [ExpirationReaper-0-Fetch]: Shutdown completed (kafka.server.DelayedOperationPurgatory$ExpiredOperationReaper)
[2018-03-23 11:38:04,434] INFO [ExpirationReaper-0-Produce]: Shutting down (kafka.server.DelayedOperationPurgatory$ExpiredOperationReaper)
[2018-03-23 11:38:04,615] INFO [ExpirationReaper-0-Produce]: Stopped (kafka.server.DelayedOperationPurgatory$ExpiredOperationReaper)
[2018-03-23 11:38:04,615] INFO [ExpirationReaper-0-Produce]: Shutdown completed (kafka.server.DelayedOperationPurgatory$ExpiredOperationReaper)
[2018-03-23 11:38:04,616] INFO [ExpirationReaper-0-DeleteRecords]: Shutting down (kafka.server.DelayedOperationPurgatory$ExpiredOperationReaper)
[2018-03-23 11:38:04,635] INFO [ExpirationReaper-0-DeleteRecords]: Stopped (kafka.server.DelayedOperationPurgatory$ExpiredOperationReaper)
[2018-03-23 11:38:04,635] INFO [ExpirationReaper-0-DeleteRecords]: Shutdown completed (kafka.server.DelayedOperationPurgatory$ExpiredOperationReaper)
[2018-03-23 11:38:04,642] INFO [Replica Manager on Broker 0]: Shut down completely (kafka.server.ReplicaManager)
[2018-03-23 11:38:04,643] INFO Shutting down. (kafka.log.LogManager)
[2018-03-23 11:38:04,654] INFO Shutdown complete. (kafka.log.LogManager)
[2018-03-23 11:38:04,662] INFO Terminate ZkClient event thread. (org.I0Itec.zkclient.ZkEventThread)
[2018-03-23 11:38:04,663] INFO Processed session termination for sessionid: 0x1625177a98c0000 (org.apache.zookeeper.server.PrepRequestProcessor)
[2018-03-23 11:38:04,687] INFO Session: 0x1625177a98c0000 closed (org.apache.zookeeper.ZooKeeper)
[2018-03-23 11:38:04,688] INFO Closed socket connection for client /127.0.0.1:37618 which had sessionid 0x1625177a98c0000 (org.apache.zookeeper.server.NIOServerCnxn)
[2018-03-23 11:38:04,690] INFO EventThread shut down for session: 0x1625177a98c0000 (org.apache.zookeeper.ClientCnxn)
[2018-03-23 11:38:04,694] INFO [Kafka Server 0], shut down completed (kafka.server.KafkaServer)
[2018-03-23 11:38:04,694] INFO NIOServerCnxn factory exited run method (org.apache.zookeeper.server.NIOServerCnxnFactory)
[2018-03-23 11:38:04,694] INFO shutting down (org.apache.zookeeper.server.ZooKeeperServer)
[2018-03-23 11:38:04,694] INFO Shutting down (org.apache.zookeeper.server.SessionTrackerImpl)
[2018-03-23 11:38:04,695] INFO Shutting down (org.apache.zookeeper.server.PrepRequestProcessor)
[2018-03-23 11:38:04,695] INFO PrepRequestProcessor exited loop! (org.apache.zookeeper.server.PrepRequestProcessor)
[2018-03-23 11:38:04,695] INFO Shutting down (org.apache.zookeeper.server.SyncRequestProcessor)
[2018-03-23 11:38:04,695] INFO SyncRequestProcessor exited! (org.apache.zookeeper.server.SyncRequestProcessor)
[2018-03-23 11:38:04,695] INFO shutdown of request processor complete (org.apache.zookeeper.server.FinalRequestProcessor)
